


ARM Macro Assembler    Page 1 


    1 00000000         ;/******************************************************
                       ********************//**
    2 00000000         ; * @file     startup_LPC17xx.s
    3 00000000         ; * @brief    CMSIS Cortex-M3 Core Device Startup File f
                       or
    4 00000000         ; *           NXP LPC17xx Device Series
    5 00000000         ; * @version  V1.10
    6 00000000         ; * @date     06. April 2011
    7 00000000         ; *
    8 00000000         ; * @note
    9 00000000         ; * Copyright (C) 2009-2011 ARM Limited. All rights rese
                       rved.
   10 00000000         ; *
   11 00000000         ; * @par
   12 00000000         ; * ARM Limited (ARM) is supplying this software for use
                        with Cortex-M
   13 00000000         ; * processor based microcontrollers.  This file can be 
                       freely distributed
   14 00000000         ; * within development tools that are supporting such AR
                       M based processors.
   15 00000000         ; *
   16 00000000         ; * @par
   17 00000000         ; * THIS SOFTWARE IS PROVIDED "AS IS".  NO WARRANTIES, W
                       HETHER EXPRESS, IMPLIED
   18 00000000         ; * OR STATUTORY, INCLUDING, BUT NOT LIMITED TO, IMPLIED
                        WARRANTIES OF
   19 00000000         ; * MERCHANTABILITY AND FITNESS FOR A PARTICULAR PURPOSE
                        APPLY TO THIS SOFTWARE.
   20 00000000         ; * ARM SHALL NOT, IN ANY CIRCUMSTANCES, BE LIABLE FOR S
                       PECIAL, INCIDENTAL, OR
   21 00000000         ; * CONSEQUENTIAL DAMAGES, FOR ANY REASON WHATSOEVER.
   22 00000000         ; *
   23 00000000         ; ******************************************************
                       ************************/
   24 00000000         
   25 00000000         ; *------- <<< Use Configuration Wizard in Context Menu 
                       >>> ------------------
   26 00000000         
   27 00000000         ; <h> Stack Configuration
   28 00000000         ;   <o> Stack Size (in Bytes) <0x0-0xFFFFFFFF:8>
   29 00000000         ; </h>
   30 00000000         
   31 00000000 00000200 
                       Stack_Size
                               EQU              0x00000200
   32 00000000         
   33 00000000                 AREA             STACK, NOINIT, READWRITE, ALIGN
=3
   34 00000000         Stack_Mem
                               SPACE            Stack_Size
   35 00000200         __initial_sp
   36 00000200         
   37 00000200         
   38 00000200         ; <h> Heap Configuration
   39 00000200         ;   <o>  Heap Size (in Bytes) <0x0-0xFFFFFFFF:8>
   40 00000200         ; </h>
   41 00000200         
   42 00000200 00000000 
                       Heap_Size



ARM Macro Assembler    Page 2 


                               EQU              0x00000000
   43 00000200         
   44 00000200                 AREA             HEAP, NOINIT, READWRITE, ALIGN=
3
   45 00000000         __heap_base
   46 00000000         Heap_Mem
                               SPACE            Heap_Size
   47 00000000         __heap_limit
   48 00000000         
   49 00000000         
   50 00000000                 PRESERVE8
   51 00000000                 THUMB
   52 00000000         
   53 00000000         
   54 00000000         ; Vector Table Mapped to Address 0 at Reset
   55 00000000         
   56 00000000                 AREA             RESET, DATA, READONLY
   57 00000000                 EXPORT           __Vectors
   58 00000000         
   59 00000000 00000000 
                       __Vectors
                               DCD              __initial_sp ; Top of Stack
   60 00000004 00000000        DCD              Reset_Handler ; Reset Handler
   61 00000008 00000000        DCD              NMI_Handler ; NMI Handler
   62 0000000C 00000000        DCD              HardFault_Handler ; Hard Fault 
                                                            Handler
   63 00000010 00000000        DCD              MemManage_Handler 
                                                            ; MPU Fault Handler
                                                            
   64 00000014 00000000        DCD              BusFault_Handler 
                                                            ; Bus Fault Handler
                                                            
   65 00000018 00000000        DCD              UsageFault_Handler ; Usage Faul
                                                            t Handler
   66 0000001C 00000000        DCD              0           ; Reserved
   67 00000020 00000000        DCD              0           ; Reserved
   68 00000024 00000000        DCD              0           ; Reserved
   69 00000028 00000000        DCD              0           ; Reserved
   70 0000002C 00000000        DCD              SVC_Handler ; SVCall Handler
   71 00000030 00000000        DCD              DebugMon_Handler ; Debug Monito
                                                            r Handler
   72 00000034 00000000        DCD              0           ; Reserved
   73 00000038 00000000        DCD              PendSV_Handler ; PendSV Handler
                                                            
   74 0000003C 00000000        DCD              SysTick_Handler 
                                                            ; SysTick Handler
   75 00000040         
   76 00000040         ; External Interrupts
   77 00000040 00000000        DCD              WDT_IRQHandler ; 16: Watchdog T
                                                            imer
   78 00000044 00000000        DCD              TIMER0_IRQHandler ; 17: Timer0
   79 00000048 00000000        DCD              TIMER1_IRQHandler ; 18: Timer1
   80 0000004C 00000000        DCD              TIMER2_IRQHandler ; 19: Timer2
   81 00000050 00000000        DCD              TIMER3_IRQHandler ; 20: Timer3
   82 00000054 00000000        DCD              UART0_IRQHandler ; 21: UART0
   83 00000058 00000000        DCD              UART1_IRQHandler ; 22: UART1
   84 0000005C 00000000        DCD              UART2_IRQHandler ; 23: UART2
   85 00000060 00000000        DCD              UART3_IRQHandler ; 24: UART3
   86 00000064 00000000        DCD              PWM1_IRQHandler ; 25: PWM1



ARM Macro Assembler    Page 3 


   87 00000068 00000000        DCD              I2C0_IRQHandler ; 26: I2C0
   88 0000006C 00000000        DCD              I2C1_IRQHandler ; 27: I2C1
   89 00000070 00000000        DCD              I2C2_IRQHandler ; 28: I2C2
   90 00000074 00000000        DCD              SPI_IRQHandler ; 29: SPI
   91 00000078 00000000        DCD              SSP0_IRQHandler ; 30: SSP0
   92 0000007C 00000000        DCD              SSP1_IRQHandler ; 31: SSP1
   93 00000080 00000000        DCD              PLL0_IRQHandler ; 32: PLL0 Lock
                                                             (Main PLL)
   94 00000084 00000000        DCD              RTC_IRQHandler ; 33: Real Time 
                                                            Clock
   95 00000088 00000000        DCD              EINT0_IRQHandler ; 34: External
                                                             Interrupt 0
   96 0000008C 00000000        DCD              EINT1_IRQHandler ; 35: External
                                                             Interrupt 1
   97 00000090 00000000        DCD              EINT2_IRQHandler ; 36: External
                                                             Interrupt 2
   98 00000094 00000000        DCD              EINT3_IRQHandler ; 37: External
                                                             Interrupt 3
   99 00000098 00000000        DCD              ADC_IRQHandler 
                                                            ; 38: A/D Converter
                                                            
  100 0000009C 00000000        DCD              BOD_IRQHandler ; 39: Brown-Out 
                                                            Detect
  101 000000A0 00000000        DCD              USB_IRQHandler ; 40: USB
  102 000000A4 00000000        DCD              CAN_IRQHandler ; 41: CAN
  103 000000A8 00000000        DCD              DMA_IRQHandler ; 42: General Pu
                                                            rpose DMA
  104 000000AC 00000000        DCD              I2S_IRQHandler ; 43: I2S
  105 000000B0 00000000        DCD              ENET_IRQHandler ; 44: Ethernet
  106 000000B4 00000000        DCD              RIT_IRQHandler ; 45: Repetitive
                                                             Interrupt Timer
  107 000000B8 00000000        DCD              MCPWM_IRQHandler ; 46: Motor Co
                                                            ntrol PWM
  108 000000BC 00000000        DCD              QEI_IRQHandler ; 47: Quadrature
                                                             Encoder Interface
  109 000000C0 00000000        DCD              PLL1_IRQHandler ; 48: PLL1 Lock
                                                             (USB PLL)
  110 000000C4 00000000        DCD              USBActivity_IRQHandler ; 49: US
                                                            B Activity interrup
                                                            t to wakeup
  111 000000C8 00000000        DCD              CANActivity_IRQHandler ; 50: CA
                                                            N Activity interrup
                                                            t to wakeup
  112 000000CC         
  113 000000CC         
  114 000000CC                 IF               :LNOT::DEF:NO_CRP
  115 000000CC                 AREA             |.ARM.__at_0x02FC|, CODE, READO
NLY
  116 00000000 FFFFFFFF 
                       CRP_Key DCD              0xFFFFFFFF
  117 00000004                 ENDIF
  118 00000004         
  119 00000004                 AREA             DataCalories, DATA, READWRITE, 
align=3
  120 00000000         
  121 00000000 00000000 
              00000000 
              00000000 
              00000000 



ARM Macro Assembler    Page 4 


              00000000 
              00000000 
              00000000 Calories_food_ordered
                               DCD              0, 0, 0, 0, 0, 0, 0
  122 0000001C 00000000 
              00000000 
              00000000 Calories_sport_ordered
                               DCD              0, 0, 0
  123 00000028 00 00 00 
              00 00 00 
              00 00 00 
              00 00 00 
              00 00 00 
              00 00 00 
              00 00 00 
              00 00 00 
              00 00 00 
              00 00 00 
              00 00 00 
              00 00 00 
              00 00 00 
              00 00 00 
              00 00 00 
              00 00 00 
              00 00 00 
              00 00 00 
              00 00    Temporary_food
                               SPACE            56
  124 00000060 00 00 00 
              00 00 00 
              00 00 00 
              00 00 00 
              00 00 00 
              00 00 00 
              00 00 00 
              00 00 00 Temporary_sport
                               SPACE            24
  125 00000078         
  126 00000078                 AREA             |.text|, CODE, READONLY, align=
3
  127 00000000         
  128 00000000         
  129 00000000         ; Reset Handler
  130 00000000         
  131 00000000         Reset_Handler
                               PROC
  132 00000000                 EXPORT           Reset_Handler             [WEAK
]
  133 00000000 487D            LDR              R0, =Reset_Handler
  134 00000002         
  135 00000002 F04F 0100       MOV              R1, #0      ;index per loop est
                                                            erno
  136 00000006 4C7D            LDR              R4, =Calories_food ; pointer a 
                                                            Calories_food table
                                                            
  137 00000008 F89F 6268       LDRB             R6, Num_days ; tot num of days
  138 0000000C         ;LDRB R7, Num_days_sport
  139 0000000C F04F 0300       MOV              R3, #0      ; index per loop in
                                                            terno



ARM Macro Assembler    Page 5 


  140 00000010 4D7B            LDR              R5, =Temporary_food
  141 00000012         
  142 00000012         CopyLoop
  143 00000012 42B1            CMP              R1, R6      ; Compare with the 
                                                            number of entries
  144 00000014 DA0E            BGE              EndCopy
  145 00000016         
  146 00000016         ; Copy day ID
  147 00000016 EB04 02C1       ADD              R2, R4, R1, LSL #3
  148 0000001A F8D2 8000       LDR              R8, [R2]    ; Load day ID
  149 0000001E F845 8031       STR              R8, [R5, R1, LSL #3] ; Store da
                                                            y ID in Temporary_v
                                                            ector
  150 00000022         
  151 00000022         ; Copy calorie value
  152 00000022 F8D2 9004       LDR              R9, [R2, #4] ; Load calorie val
                                                            ue
  153 00000026 EB05 02C1       ADD              R2, R5, R1, LSL #3
  154 0000002A F8C2 9004       STR              R9, [R2, #4] ; Store calorie va
                                                            lue in Temporary_ve
                                                            ctor
  155 0000002E         
  156 0000002E F101 0101       ADD              R1, R1, #1
  157 00000032 E7EE            B                CopyLoop
  158 00000034         
  159 00000034         EndCopy
  160 00000034 F04F 0100       MOV              R1,#0
  161 00000038         
  162 00000038         BubbleSort_Food
  163 00000038 42B1            CMP              R1, R6
  164 0000003A DA36            BGE              EndSort_Food
  165 0000003C         
  166 0000003C 460B            MOV              R3,R1       ; per far partire R
                                                            3 da R1 minimo
  167 0000003E         
  168 0000003E         InnerLoop_Food
  169 0000003E F103 0301       ADD              R3, R3, #1
  170 00000042 42B3            CMP              R3,R6
  171 00000044 DA2E            BGE              NextOuter_Food
  172 00000046         
  173 00000046         ;carico le calorie pt1
  174 00000046 EB05 0CC1       ADD              R12, R5, R1, LSL #3 ; Base addr
                                                            ess + R1 * 8
  175 0000004A F8DC 8000       LDR              R8, [R12]   ;qua tengo l addres
                                                            s 
  176 0000004E F10C 0C04       ADD              R12, R12, #4 ; Address of calor
                                                            ie value at R1
  177 00000052 F8DC 9000       LDR              R9, [R12]   ; Load calorie valu
                                                            e at R1
  178 00000056         ;carico le calorie pt2 (elemento dopo)
  179 00000056 EB05 0CC3       ADD              R12, R5, R3, LSL #3 ; Base addr
                                                            ess + R3 * 8
  180 0000005A F8DC A000       LDR              R10, [R12]  ;qua tengo l addres
                                                            s 
  181 0000005E F10C 0C04       ADD              R12, R12, #4 ; Address of calor
                                                            ie value at R3
  182 00000062 F8DC B000       LDR              R11, [R12]  ; Load calorie valu
                                                            e at R3
  183 00000066         



ARM Macro Assembler    Page 6 


  184 00000066 45D9            CMP              R9,R11
  185 00000068 DAE9            BGE              InnerLoop_Food ;se R9 piu grand
                                                            e di r11 è ok e sal
                                                            to
  186 0000006A E92D 0300       PUSH             {R8, R9}    ; Save R1's day ID 
                                                            and calorie value
  187 0000006E         
  188 0000006E         
  189 0000006E         ; Swap day ID from R3 to R1
  190 0000006E F855 8033       LDR              R8, [R5, R3, LSL #3] 
                                                            ; Load R3's day ID
  191 00000072 F845 8031       STR              R8, [R5, R1, LSL #3] ; Store it
                                                             in R1's position
  192 00000076         
  193 00000076         ; Swap calorie value from R3 to R1
  194 00000076 EB05 0CC3       ADD              R12, R5, R3, LSL #3
  195 0000007A F10C 0C04       ADD              R12, R12, #4
  196 0000007E F8DC 8000       LDR              R8, [R12]   ; Load R3's calorie
                                                             value
  197 00000082 EB05 0CC1       ADD              R12, R5, R1, LSL #3
  198 00000086 F10C 0C04       ADD              R12, R12, #4
  199 0000008A F8CC 8000       STR              R8, [R12]   ; Store it in R1's 
                                                            position
  200 0000008E         
  201 0000008E         ; Swap day ID from R1 (saved in stack) to R3
  202 0000008E E8BD 0300       POP              {R8, R9}    ; Retrieve R1's ori
                                                            ginal day ID and ca
                                                            lorie value
  203 00000092 F845 8033       STR              R8, [R5, R3, LSL #3] ; Store R1
                                                            's day ID in R3's p
                                                            osition
  204 00000096         
  205 00000096         ; Swap calorie value from R1 to R3
  206 00000096 EB05 0CC3       ADD              R12, R5, R3, LSL #3
  207 0000009A F10C 0C04       ADD              R12, R12, #4
  208 0000009E F8CC 9000       STR              R9, [R12]   ; Store R1's calori
                                                            e value in R3's pos
                                                            ition
  209 000000A2         
  210 000000A2         
  211 000000A2 E7CC            B                InnerLoop_Food
  212 000000A4         NextOuter_Food
  213 000000A4 F101 0101       ADD              R1, R1, #1
  214 000000A8 E7C6            B                BubbleSort_Food
  215 000000AA         
  216 000000AA         
  217 000000AA         EndSort_Food
  218 000000AA         
  219 000000AA         ;IL TEMPORARY_VECTOR è ORDINATO, HO FATTO IL TEST!!!!!!
  220 000000AA         
  221 000000AA         ;salvo i val delle cal da temporary_vector a Calories_fo
                       od_ordered
  222 000000AA F04F 0100       MOV              R1, #0
  223 000000AE 4F55            LDR              R7, =Calories_food_ordered ; Po
                                                            inter to Calories_f
                                                            ood_ordered
  224 000000B0         Final_rescue                         ;mettiamo i valori 
                                                            delle address in Ca
                                                            lories_food_ordered



ARM Macro Assembler    Page 7 


                                                            
  225 000000B0 42B1            CMP              R1, R6      ; Compare with the 
                                                            number of entries
  226 000000B2 DA08            BGE              EndFinal_rescue
  227 000000B4         
  228 000000B4         ; Load calorie value from Temporary_vector
  229 000000B4 EB05 0CC1       ADD              R12, R5, R1, LSL #3 ; Calculate
                                                             address of entry i
                                                            n Temporary_vector
  230 000000B8         
  231 000000B8 F8DC 9000       LDR              R9, [R12]   ; Load calorie valu
                                                            e
  232 000000BC         
  233 000000BC         ; Store calorie value in Calories_food_ordered
  234 000000BC F847 9021       STR              R9, [R7, R1, LSL #2] ; Store ca
                                                            lorie value at corr
                                                            ect offset
  235 000000C0         
  236 000000C0 F101 0101       ADD              R1, R1, #1
  237 000000C4 E7F4            B                Final_rescue
  238 000000C6         
  239 000000C6         
  240 000000C6         
  241 000000C6         EndFinal_rescue
  242 000000C6         ;    MOV R1,#0
  243 000000C6         ;Print  
  244 000000C6         ;    CMP R1, R6                     ; Compare with the n
                       umber of entries
  245 000000C6         ;    BGE EndPrint
  246 000000C6         ;
  247 000000C6         ;    ; Load and print calorie value from Calories_food_o
                       rdered
  248 000000C6         ;    ADD R12, R7, R1, LSL #2        ; ora mi devo muover
                       e di 4 byte alla vlta ,quindi LSL 2 e non 3 che è 8
  249 000000C6         ;    LDR R9, [R12]                  ; Load calorie value
                       
  250 000000C6         ;    ADD R1, R1, #1
  251 000000C6         ;    B Print
  252 000000C6         ;EndPrint
  253 000000C6         
  254 000000C6         
  255 000000C6         
  256 000000C6         
  257 000000C6         ;ORDINIAMO ANCHE SPORT CALORIES
  258 000000C6 F04F 0100       MOV              R1,#0
  259 000000CA 4C4F            LDR              R4, =Calories_sport ; pointer a
                                                             Calories_food tabl
                                                            e
  260 000000CC F89F 61A5       LDRB             R6, Num_days_sport
  261 000000D0         ;LDRB R7, Num_days_sport
  262 000000D0 F04F 0300       MOV              R3, #0      ; index per loop in
                                                            terno
  263 000000D4 4D4D            LDR              R5, =Temporary_sport
  264 000000D6         
  265 000000D6         CopyLoop2
  266 000000D6 42B1            CMP              R1, R6      ; Compare with the 
                                                            number of entries
  267 000000D8 DA0E            BGE              EndCopy2
  268 000000DA         



ARM Macro Assembler    Page 8 


  269 000000DA         ; Copy day ID
  270 000000DA EB04 02C1       ADD              R2, R4, R1, LSL #3
  271 000000DE F8D2 8000       LDR              R8, [R2]    ; Load day ID
  272 000000E2 F845 8031       STR              R8, [R5, R1, LSL #3] ; Store da
                                                            y ID in Temporary_v
                                                            ector
  273 000000E6         
  274 000000E6         ; Copy calorie value
  275 000000E6 F8D2 9004       LDR              R9, [R2, #4] ; Load calorie val
                                                            ue
  276 000000EA EB05 02C1       ADD              R2, R5, R1, LSL #3
  277 000000EE F8C2 9004       STR              R9, [R2, #4] ; Store calorie va
                                                            lue in Temporary_ve
                                                            ctor
  278 000000F2         
  279 000000F2 F101 0101       ADD              R1, R1, #1
  280 000000F6 E7EE            B                CopyLoop2
  281 000000F8         
  282 000000F8         EndCopy2
  283 000000F8 F04F 0100       MOV              R1,#0
  284 000000FC         
  285 000000FC         BubbleSort_Food2
  286 000000FC 42B1            CMP              R1, R6
  287 000000FE DA36            BGE              EndSort_Food2
  288 00000100         
  289 00000100 460B            MOV              R3,R1       ; per far partire R
                                                            3 da R1 minimo
  290 00000102         
  291 00000102         InnerLoop_Food2
  292 00000102 F103 0301       ADD              R3, R3, #1
  293 00000106 42B3            CMP              R3,R6
  294 00000108 DA2E            BGE              NextOuter_Food2
  295 0000010A         
  296 0000010A         ;carico le calorie pt1
  297 0000010A EB05 0CC1       ADD              R12, R5, R1, LSL #3 ; Base addr
                                                            ess + R1 * 8
  298 0000010E F8DC 8000       LDR              R8, [R12]   ;qua tengo l addres
                                                            s 
  299 00000112 F10C 0C04       ADD              R12, R12, #4 ; Address of calor
                                                            ie value at R1
  300 00000116 F8DC 9000       LDR              R9, [R12]   ; Load calorie valu
                                                            e at R1
  301 0000011A         ;carico le calorie pt2 (elemento dopo)
  302 0000011A EB05 0CC3       ADD              R12, R5, R3, LSL #3 ; Base addr
                                                            ess + R3 * 8
  303 0000011E F8DC A000       LDR              R10, [R12]  ;qua tengo l addres
                                                            s 
  304 00000122 F10C 0C04       ADD              R12, R12, #4 ; Address of calor
                                                            ie value at R3
  305 00000126 F8DC B000       LDR              R11, [R12]  ; Load calorie valu
                                                            e at R3
  306 0000012A         
  307 0000012A 45D9            CMP              R9,R11
  308 0000012C DAE9            BGE              InnerLoop_Food2 ;se R9 piu gran
                                                            de di r11 è ok e sa
                                                            lto
  309 0000012E E92D 0300       PUSH             {R8, R9}    ; Save R1's day ID 
                                                            and calorie value
  310 00000132         



ARM Macro Assembler    Page 9 


  311 00000132         
  312 00000132         ; Swap day ID from R3 to R1
  313 00000132 F855 8033       LDR              R8, [R5, R3, LSL #3] 
                                                            ; Load R3's day ID
  314 00000136 F845 8031       STR              R8, [R5, R1, LSL #3] ; Store it
                                                             in R1's position
  315 0000013A         
  316 0000013A         ; Swap calorie value from R3 to R1
  317 0000013A EB05 0CC3       ADD              R12, R5, R3, LSL #3
  318 0000013E F10C 0C04       ADD              R12, R12, #4
  319 00000142 F8DC 8000       LDR              R8, [R12]   ; Load R3's calorie
                                                             value
  320 00000146 EB05 0CC1       ADD              R12, R5, R1, LSL #3
  321 0000014A F10C 0C04       ADD              R12, R12, #4
  322 0000014E F8CC 8000       STR              R8, [R12]   ; Store it in R1's 
                                                            position
  323 00000152         
  324 00000152         ; Swap day ID from R1 (saved in stack) to R3
  325 00000152 E8BD 0300       POP              {R8, R9}    ; Retrieve R1's ori
                                                            ginal day ID and ca
                                                            lorie value
  326 00000156 F845 8033       STR              R8, [R5, R3, LSL #3] ; Store R1
                                                            's day ID in R3's p
                                                            osition
  327 0000015A         
  328 0000015A         ; Swap calorie value from R1 to R3
  329 0000015A EB05 0CC3       ADD              R12, R5, R3, LSL #3
  330 0000015E F10C 0C04       ADD              R12, R12, #4
  331 00000162 F8CC 9000       STR              R9, [R12]   ; Store R1's calori
                                                            e value in R3's pos
                                                            ition
  332 00000166         
  333 00000166         
  334 00000166 E7CC            B                InnerLoop_Food2
  335 00000168         NextOuter_Food2
  336 00000168 F101 0101       ADD              R1, R1, #1
  337 0000016C E7C6            B                BubbleSort_Food2
  338 0000016E         
  339 0000016E         
  340 0000016E         EndSort_Food2
  341 0000016E         
  342 0000016E         ;IL TEMPORARY_VECTOR è ORDINATO, HO FATTO IL TEST!!!!!!
  343 0000016E         
  344 0000016E         ;salvo i val delle cal da temporary_vector a Calories_fo
                       od_ordered
  345 0000016E F04F 0100       MOV              R1, #0
  346 00000172 4F27            LDR              R7, =Calories_sport_ordered ; P
                                                            ointer to Calories_
                                                            food_ordered
  347 00000174         Final_rescue2                        ;mettiamo i valori 
                                                            delle address in Ca
                                                            lories_food_ordered
                                                            
  348 00000174 42B1            CMP              R1, R6      ; Compare with the 
                                                            number of entries
  349 00000176 DA08            BGE              EndFinal_rescue2
  350 00000178         
  351 00000178         ; Load calorie value from Temporary_vector
  352 00000178 EB05 0CC1       ADD              R12, R5, R1, LSL #3 ; Calculate



ARM Macro Assembler    Page 10 


                                                             address of entry i
                                                            n Temporary_vector
  353 0000017C         
  354 0000017C F8DC 9000       LDR              R9, [R12]   ; Load calorie valu
                                                            e
  355 00000180         
  356 00000180         ; Store calorie value in Calories_food_ordered
  357 00000180 F847 9021       STR              R9, [R7, R1, LSL #2] ; Store ca
                                                            lorie value at corr
                                                            ect offset
  358 00000184         
  359 00000184 F101 0101       ADD              R1, R1, #1
  360 00000188 E7F4            B                Final_rescue2
  361 0000018A         
  362 0000018A         
  363 0000018A         
  364 0000018A         EndFinal_rescue2
  365 0000018A         ;    MOV R1,#0
  366 0000018A         ;Print2 
  367 0000018A         ;    CMP R1, R6                     ; Compare with the n
                       umber of entries
  368 0000018A         ;    BGE EndPrint2
  369 0000018A         ;
  370 0000018A         ;    ; Load and print calorie value from Calories_food_o
                       rdered
  371 0000018A         ;    ADD R12, R7, R1, LSL #2        ; ora mi devo muover
                       e di 4 byte alla vlta ,quindi LSL 2 e non 3 che è 8
  372 0000018A         ;    LDR R9, [R12]                  ; Load calorie value
                       
  373 0000018A         ;    ADD R1, R1, #1
  374 0000018A         ;    B Print2
  375 0000018A         ;EndPrint2
  376 0000018A         ;FUNZIONA ANCHE Calories_sport_ordered che è in ordine!!
                       !
  377 0000018A         
  378 0000018A         ;PT3 salvare in R11 the least caloric day
  379 0000018A F641 3B58       MOV              R11, #7000  ;metto un valore al
                                                            to per far si che l
                                                            a prima comparazion
                                                            e vada a buon fine
  380 0000018E F04F 0100       MOV              R1, #0      ;index for days loo
                                                            p
  381 00000192 4C1A            LDR              R4, =Calories_food ; pointer a 
                                                            Calories_food table
                                                            
  382 00000194 4D1C            LDR              R5, =Calories_sport ; pointer a
                                                             Calories_sport tab
                                                            le
  383 00000196 F89F 60DC       LDRB             R6, Num_days ; tot num of days
  384 0000019A F89F 70D9       LDRB             R7, Num_days_sport
  385 0000019E F04F 0300       MOV              R3, #0      ; Initialize R3 to 
                                                            0 for indexing
  386 000001A2         
  387 000001A2         
  388 000001A2         DayLoop
  389 000001A2 58E2            LDR              R2, [R4,R3]
  390 000001A4 F103 0304       ADD              R3,R3,#4
  391 000001A8         ;carico in r1 calorie value
  392 000001A8 F854 9003       LDR              R9,[R4,R3]



ARM Macro Assembler    Page 11 


  393 000001AC F103 0304       ADD              R3,R3,#4
  394 000001B0         ;Il loop deve essere su Num_days
  395 000001B0         
  396 000001B0         ;inizializzo sport cal to 0 per il giorno
  397 000001B0 F04F 0A00       MOV              R10,#0
  398 000001B4 F04F 0800       MOV              R8,#0       ;indice per calorie
                                                            s_sport loop
  399 000001B8         
  400 000001B8         
  401 000001B8         
  402 000001B8         SportLoop
  403 000001B8 45B8            CMP              R8, R7      ; se non sono ugual
                                                            i vuol dire che dev
                                                            o ancora finire di 
                                                            iterare Num_days_sp
                                                            ort
  404 000001BA DA13            BGE              NextDay     ;se r8 ha un valore
                                                             >= di r7 allora si
                                                             attiva il salto a 
                                                            nosportcalories
  405 000001BC F855 C038       LDR              R12, [R5, R8, LSL #3] ; Load da
                                                            y ID from Calories_
                                                            sport
  406 000001C0 4562            CMP              R2, R12
  407 000001C2 D10C            BNE              NextSportDay
  408 000001C4         ;calcolo per il valore delle cal bruciate per l address 
                       R12
  409 000001C4 EB05 0CC8       ADD              R12,R5,R8, LSL #3 ;Calculate th
                                                            e base address of t
                                                            he current entry
  410 000001C8 F10C 0C04       ADD              R12,R12,#4  ;Add 4 to the base 
                                                            address to get to t
                                                            he calorie value
  411 000001CC F8DC A000       LDR              R10, [R12]  ; Load sport calori
                                                            es
  412 000001D0 EBA9 090A       SUB              R9, R9, R10 ; Subtract sport ca
                                                            lories from food ca
                                                            lories
  413 000001D4 45D9            CMP              R9,R11
  414 000001D6 DB00            BLT              Lower
  415 000001D8 E001            B                NextSportDay
  416 000001DA         Lower
  417 000001DA         
  418 000001DA B402            PUSH             {R1}        ;pusho il counter d
                                                            i dove siamo arriva
                                                            to nel sr l ultimo 
                                                            indirizzo che so ch
                                                            e sarà quello del p
                                                            iù piccolo
  419 000001DC 46CB            MOV              R11, R9     ; non so se serve t
                                                            enere, tanto poi va
                                                            do a sovrascrivere
  420 000001DE         
  421 000001DE         NextSportDay
  422 000001DE F108 0801       ADD              R8, R8, #1
  423 000001E2 E7E9            B                SportLoop
  424 000001E4         
  425 000001E4         NextDay
  426 000001E4 F101 0101       ADD              R1, R1, #1



ARM Macro Assembler    Page 12 


  427 000001E8 42B1            CMP              R1, R6
  428 000001EA DBDA            BLT              DayLoop
  429 000001EC         
  430 000001EC         EndProgram
  431 000001EC         ;now we get the address of r11, because in R11 I put the
                        value of the calorie
  432 000001EC BC02            POP              {R1}        ;mi prende l ultimo
                                                             indirizzo della pu
                                                            sh, che è quello co
                                                            n meno cal di tutti
                                                            
  433 000001EE EB04 0CC1       ADD              R12, R4, R1, LSL #3
  434 000001F2 F8DC B000       LDR              R11,[R12]
  435 000001F6         
  436 000001F6         
  437 000001F6         
  438 000001F6         
  439 000001F6         
  440 000001F6 4700            BX               R0
  441 000001F8                 ENDP
  442 000001F8 00000000 
              00000000 
              00000000 
              00000000 
              00000000 
              00000000 
              00000000 
              00000000 
              00000000         LTORG
  443 0000021C 01 02 03 
              04 05 06 
              07       Days    DCB              0x01, 0x02, 0x03, 0x04, 0x05, 0
x06, 0x07
  444 00000223 00 00000006 
              00000514 
              00000003 
              000006A4 
              00000002 
              000004B0 
              00000004 
              0000076C Calories_food
                               DCD              0x06, 1300, 0x03, 1700, 0x02, 1
200, 0x04, 1900
  445 00000244 00000005 
              00000456 
              00000001 
              00000686 
              00000007 
              000003E8         DCD              0x05, 1110, 0x01, 1670, 0x07, 1
000
  446 0000025C 00000002 
              000001F4 
              00000005 
              00000320 
              00000006 
              00000190 Calories_sport
                               DCD              0x02, 500, 0x05, 800, 0x06, 400
  447 00000274 07      Num_days
                               DCB              7



ARM Macro Assembler    Page 13 


  448 00000275 03      Num_days_sport
                               DCB              3
  449 00000276         
  450 00000276         
  451 00000276         ; Dummy Exception Handlers (infinite loops which can be 
                       modified)
  452 00000276         
  453 00000276         NMI_Handler
                               PROC
  454 00000276                 EXPORT           NMI_Handler               [WEAK
]
  455 00000276 E7FE            B                .
  456 00000278                 ENDP
  458 00000278         HardFault_Handler
                               PROC
  459 00000278                 EXPORT           HardFault_Handler         [WEAK
]
  460 00000278 E7FE            B                .
  461 0000027A                 ENDP
  463 0000027A         MemManage_Handler
                               PROC
  464 0000027A                 EXPORT           MemManage_Handler         [WEAK
]
  465 0000027A E7FE            B                .
  466 0000027C                 ENDP
  468 0000027C         BusFault_Handler
                               PROC
  469 0000027C                 EXPORT           BusFault_Handler          [WEAK
]
  470 0000027C E7FE            B                .
  471 0000027E                 ENDP
  473 0000027E         UsageFault_Handler
                               PROC
  474 0000027E                 EXPORT           UsageFault_Handler        [WEAK
]
  475 0000027E E7FE            B                .
  476 00000280                 ENDP
  477 00000280         SVC_Handler
                               PROC
  478 00000280                 EXPORT           SVC_Handler               [WEAK
]
  479 00000280 E7FE            B                .
  480 00000282                 ENDP
  482 00000282         DebugMon_Handler
                               PROC
  483 00000282                 EXPORT           DebugMon_Handler          [WEAK
]
  484 00000282 E7FE            B                .
  485 00000284                 ENDP
  486 00000284         PendSV_Handler
                               PROC
  487 00000284                 EXPORT           PendSV_Handler            [WEAK
]
  488 00000284 E7FE            B                .
  489 00000286                 ENDP
  490 00000286         SysTick_Handler
                               PROC
  491 00000286                 EXPORT           SysTick_Handler           [WEAK
]



ARM Macro Assembler    Page 14 


  492 00000286 E7FE            B                .
  493 00000288                 ENDP
  494 00000288         
  495 00000288         Default_Handler
                               PROC
  496 00000288         
  497 00000288                 EXPORT           WDT_IRQHandler            [WEAK
]
  498 00000288                 EXPORT           TIMER0_IRQHandler         [WEAK
]
  499 00000288                 EXPORT           TIMER1_IRQHandler         [WEAK
]
  500 00000288                 EXPORT           TIMER2_IRQHandler         [WEAK
]
  501 00000288                 EXPORT           TIMER3_IRQHandler         [WEAK
]
  502 00000288                 EXPORT           UART0_IRQHandler          [WEAK
]
  503 00000288                 EXPORT           UART1_IRQHandler          [WEAK
]
  504 00000288                 EXPORT           UART2_IRQHandler          [WEAK
]
  505 00000288                 EXPORT           UART3_IRQHandler          [WEAK
]
  506 00000288                 EXPORT           PWM1_IRQHandler           [WEAK
]
  507 00000288                 EXPORT           I2C0_IRQHandler           [WEAK
]
  508 00000288                 EXPORT           I2C1_IRQHandler           [WEAK
]
  509 00000288                 EXPORT           I2C2_IRQHandler           [WEAK
]
  510 00000288                 EXPORT           SPI_IRQHandler            [WEAK
]
  511 00000288                 EXPORT           SSP0_IRQHandler           [WEAK
]
  512 00000288                 EXPORT           SSP1_IRQHandler           [WEAK
]
  513 00000288                 EXPORT           PLL0_IRQHandler           [WEAK
]
  514 00000288                 EXPORT           RTC_IRQHandler            [WEAK
]
  515 00000288                 EXPORT           EINT0_IRQHandler          [WEAK
]
  516 00000288                 EXPORT           EINT1_IRQHandler          [WEAK
]
  517 00000288                 EXPORT           EINT2_IRQHandler          [WEAK
]
  518 00000288                 EXPORT           EINT3_IRQHandler          [WEAK
]
  519 00000288                 EXPORT           ADC_IRQHandler            [WEAK
]
  520 00000288                 EXPORT           BOD_IRQHandler            [WEAK
]
  521 00000288                 EXPORT           USB_IRQHandler            [WEAK
]
  522 00000288                 EXPORT           CAN_IRQHandler            [WEAK
]
  523 00000288                 EXPORT           DMA_IRQHandler            [WEAK



ARM Macro Assembler    Page 15 


]
  524 00000288                 EXPORT           I2S_IRQHandler            [WEAK
]
  525 00000288                 EXPORT           ENET_IRQHandler           [WEAK
]
  526 00000288                 EXPORT           RIT_IRQHandler            [WEAK
]
  527 00000288                 EXPORT           MCPWM_IRQHandler          [WEAK
]
  528 00000288                 EXPORT           QEI_IRQHandler            [WEAK
]
  529 00000288                 EXPORT           PLL1_IRQHandler           [WEAK
]
  530 00000288                 EXPORT           USBActivity_IRQHandler    [WEAK
]
  531 00000288                 EXPORT           CANActivity_IRQHandler    [WEAK
]
  532 00000288         
  533 00000288         WDT_IRQHandler
  534 00000288         TIMER0_IRQHandler
  535 00000288         TIMER1_IRQHandler
  536 00000288         TIMER2_IRQHandler
  537 00000288         TIMER3_IRQHandler
  538 00000288         UART0_IRQHandler
  539 00000288         UART1_IRQHandler
  540 00000288         UART2_IRQHandler
  541 00000288         UART3_IRQHandler
  542 00000288         PWM1_IRQHandler
  543 00000288         I2C0_IRQHandler
  544 00000288         I2C1_IRQHandler
  545 00000288         I2C2_IRQHandler
  546 00000288         SPI_IRQHandler
  547 00000288         SSP0_IRQHandler
  548 00000288         SSP1_IRQHandler
  549 00000288         PLL0_IRQHandler
  550 00000288         RTC_IRQHandler
  551 00000288         EINT0_IRQHandler
  552 00000288         EINT1_IRQHandler
  553 00000288         EINT2_IRQHandler
  554 00000288         EINT3_IRQHandler
  555 00000288         ADC_IRQHandler
  556 00000288         BOD_IRQHandler
  557 00000288         USB_IRQHandler
  558 00000288         CAN_IRQHandler
  559 00000288         DMA_IRQHandler
  560 00000288         I2S_IRQHandler
  561 00000288         ENET_IRQHandler
  562 00000288         RIT_IRQHandler
  563 00000288         MCPWM_IRQHandler
  564 00000288         QEI_IRQHandler
  565 00000288         PLL1_IRQHandler
  566 00000288         USBActivity_IRQHandler
  567 00000288         CANActivity_IRQHandler
  568 00000288         
  569 00000288 E7FE            B                .
  570 0000028A         
  571 0000028A                 ENDP
  572 0000028A         
  573 0000028A         



ARM Macro Assembler    Page 16 


  574 0000028A 00 00           ALIGN
  575 0000028C         
  576 0000028C         
  577 0000028C         ; User Initial Stack & Heap
  578 0000028C         
  579 0000028C                 EXPORT           __initial_sp
  580 0000028C                 EXPORT           __heap_base
  581 0000028C                 EXPORT           __heap_limit
  582 0000028C         
  583 0000028C                 END
Command Line: --debug --xref --diag_suppress=9931 --cpu=Cortex-M3 --apcs=interw
ork --depend=.\startup.d -o.\startup.o -I.\RTE\_Target_1 -IC:\Users\filip\AppDa
ta\Local\Arm\Packs\ARM\CMSIS\5.8.0\CMSIS\Core\Include -IC:\Users\filip\AppData\
Local\Arm\Packs\Keil\LPC1700_DFP\2.7.1\Device\Include --predefine="__EVAL SETA 
1" --predefine="__UVISION_VERSION SETA 536" --predefine="_RTE_ SETA 1" --predef
ine="LPC175x_6x SETA 1" --predefine="_RTE_ SETA 1" --list=.\startup.lst startup
.s



ARM Macro Assembler    Page 1 Alphabetic symbol ordering
Relocatable symbols

STACK 00000000

Symbol: STACK
   Definitions
      At line 33 in file startup.s
   Uses
      None
Comment: STACK unused
Stack_Mem 00000000

Symbol: Stack_Mem
   Definitions
      At line 34 in file startup.s
   Uses
      None
Comment: Stack_Mem unused
__initial_sp 00000200

Symbol: __initial_sp
   Definitions
      At line 35 in file startup.s
   Uses
      At line 59 in file startup.s
      At line 579 in file startup.s

3 symbols



ARM Macro Assembler    Page 1 Alphabetic symbol ordering
Relocatable symbols

HEAP 00000000

Symbol: HEAP
   Definitions
      At line 44 in file startup.s
   Uses
      None
Comment: HEAP unused
Heap_Mem 00000000

Symbol: Heap_Mem
   Definitions
      At line 46 in file startup.s
   Uses
      None
Comment: Heap_Mem unused
__heap_base 00000000

Symbol: __heap_base
   Definitions
      At line 45 in file startup.s
   Uses
      At line 580 in file startup.s
Comment: __heap_base used once
__heap_limit 00000000

Symbol: __heap_limit
   Definitions
      At line 47 in file startup.s
   Uses
      At line 581 in file startup.s
Comment: __heap_limit used once
4 symbols



ARM Macro Assembler    Page 1 Alphabetic symbol ordering
Relocatable symbols

RESET 00000000

Symbol: RESET
   Definitions
      At line 56 in file startup.s
   Uses
      None
Comment: RESET unused
__Vectors 00000000

Symbol: __Vectors
   Definitions
      At line 59 in file startup.s
   Uses
      At line 57 in file startup.s
Comment: __Vectors used once
2 symbols



ARM Macro Assembler    Page 1 Alphabetic symbol ordering
Relocatable symbols

.ARM.__at_0x02FC 00000000

Symbol: .ARM.__at_0x02FC
   Definitions
      At line 115 in file startup.s
   Uses
      None
Comment: .ARM.__at_0x02FC unused
CRP_Key 00000000

Symbol: CRP_Key
   Definitions
      At line 116 in file startup.s
   Uses
      None
Comment: CRP_Key unused
2 symbols



ARM Macro Assembler    Page 1 Alphabetic symbol ordering
Relocatable symbols

Calories_food_ordered 00000000

Symbol: Calories_food_ordered
   Definitions
      At line 121 in file startup.s
   Uses
      At line 223 in file startup.s
Comment: Calories_food_ordered used once
Calories_sport_ordered 0000001C

Symbol: Calories_sport_ordered
   Definitions
      At line 122 in file startup.s
   Uses
      At line 346 in file startup.s
Comment: Calories_sport_ordered used once
DataCalories 00000000

Symbol: DataCalories
   Definitions
      At line 119 in file startup.s
   Uses
      None
Comment: DataCalories unused
Temporary_food 00000028

Symbol: Temporary_food
   Definitions
      At line 123 in file startup.s
   Uses
      At line 140 in file startup.s
Comment: Temporary_food used once
Temporary_sport 00000060

Symbol: Temporary_sport
   Definitions
      At line 124 in file startup.s
   Uses
      At line 263 in file startup.s
Comment: Temporary_sport used once
5 symbols



ARM Macro Assembler    Page 1 Alphabetic symbol ordering
Relocatable symbols

.text 00000000

Symbol: .text
   Definitions
      At line 126 in file startup.s
   Uses
      None
Comment: .text unused
ADC_IRQHandler 00000288

Symbol: ADC_IRQHandler
   Definitions
      At line 555 in file startup.s
   Uses
      At line 99 in file startup.s
      At line 519 in file startup.s

BOD_IRQHandler 00000288

Symbol: BOD_IRQHandler
   Definitions
      At line 556 in file startup.s
   Uses
      At line 100 in file startup.s
      At line 520 in file startup.s

BubbleSort_Food 00000038

Symbol: BubbleSort_Food
   Definitions
      At line 162 in file startup.s
   Uses
      At line 214 in file startup.s
Comment: BubbleSort_Food used once
BubbleSort_Food2 000000FC

Symbol: BubbleSort_Food2
   Definitions
      At line 285 in file startup.s
   Uses
      At line 337 in file startup.s
Comment: BubbleSort_Food2 used once
BusFault_Handler 0000027C

Symbol: BusFault_Handler
   Definitions
      At line 468 in file startup.s
   Uses
      At line 64 in file startup.s
      At line 469 in file startup.s

CANActivity_IRQHandler 00000288

Symbol: CANActivity_IRQHandler
   Definitions
      At line 567 in file startup.s
   Uses
      At line 111 in file startup.s
      At line 531 in file startup.s



ARM Macro Assembler    Page 2 Alphabetic symbol ordering
Relocatable symbols


CAN_IRQHandler 00000288

Symbol: CAN_IRQHandler
   Definitions
      At line 558 in file startup.s
   Uses
      At line 102 in file startup.s
      At line 522 in file startup.s

Calories_food 00000224

Symbol: Calories_food
   Definitions
      At line 444 in file startup.s
   Uses
      At line 136 in file startup.s
      At line 381 in file startup.s

Calories_sport 0000025C

Symbol: Calories_sport
   Definitions
      At line 446 in file startup.s
   Uses
      At line 259 in file startup.s
      At line 382 in file startup.s

CopyLoop 00000012

Symbol: CopyLoop
   Definitions
      At line 142 in file startup.s
   Uses
      At line 157 in file startup.s
Comment: CopyLoop used once
CopyLoop2 000000D6

Symbol: CopyLoop2
   Definitions
      At line 265 in file startup.s
   Uses
      At line 280 in file startup.s
Comment: CopyLoop2 used once
DMA_IRQHandler 00000288

Symbol: DMA_IRQHandler
   Definitions
      At line 559 in file startup.s
   Uses
      At line 103 in file startup.s
      At line 523 in file startup.s

DayLoop 000001A2

Symbol: DayLoop
   Definitions
      At line 388 in file startup.s
   Uses



ARM Macro Assembler    Page 3 Alphabetic symbol ordering
Relocatable symbols

      At line 428 in file startup.s
Comment: DayLoop used once
Days 0000021C

Symbol: Days
   Definitions
      At line 443 in file startup.s
   Uses
      None
Comment: Days unused
DebugMon_Handler 00000282

Symbol: DebugMon_Handler
   Definitions
      At line 482 in file startup.s
   Uses
      At line 71 in file startup.s
      At line 483 in file startup.s

Default_Handler 00000288

Symbol: Default_Handler
   Definitions
      At line 495 in file startup.s
   Uses
      None
Comment: Default_Handler unused
EINT0_IRQHandler 00000288

Symbol: EINT0_IRQHandler
   Definitions
      At line 551 in file startup.s
   Uses
      At line 95 in file startup.s
      At line 515 in file startup.s

EINT1_IRQHandler 00000288

Symbol: EINT1_IRQHandler
   Definitions
      At line 552 in file startup.s
   Uses
      At line 96 in file startup.s
      At line 516 in file startup.s

EINT2_IRQHandler 00000288

Symbol: EINT2_IRQHandler
   Definitions
      At line 553 in file startup.s
   Uses
      At line 97 in file startup.s
      At line 517 in file startup.s

EINT3_IRQHandler 00000288

Symbol: EINT3_IRQHandler
   Definitions
      At line 554 in file startup.s



ARM Macro Assembler    Page 4 Alphabetic symbol ordering
Relocatable symbols

   Uses
      At line 98 in file startup.s
      At line 518 in file startup.s

ENET_IRQHandler 00000288

Symbol: ENET_IRQHandler
   Definitions
      At line 561 in file startup.s
   Uses
      At line 105 in file startup.s
      At line 525 in file startup.s

EndCopy 00000034

Symbol: EndCopy
   Definitions
      At line 159 in file startup.s
   Uses
      At line 144 in file startup.s
Comment: EndCopy used once
EndCopy2 000000F8

Symbol: EndCopy2
   Definitions
      At line 282 in file startup.s
   Uses
      At line 267 in file startup.s
Comment: EndCopy2 used once
EndFinal_rescue 000000C6

Symbol: EndFinal_rescue
   Definitions
      At line 241 in file startup.s
   Uses
      At line 226 in file startup.s
Comment: EndFinal_rescue used once
EndFinal_rescue2 0000018A

Symbol: EndFinal_rescue2
   Definitions
      At line 364 in file startup.s
   Uses
      At line 349 in file startup.s
Comment: EndFinal_rescue2 used once
EndProgram 000001EC

Symbol: EndProgram
   Definitions
      At line 430 in file startup.s
   Uses
      None
Comment: EndProgram unused
EndSort_Food 000000AA

Symbol: EndSort_Food
   Definitions
      At line 217 in file startup.s
   Uses



ARM Macro Assembler    Page 5 Alphabetic symbol ordering
Relocatable symbols

      At line 164 in file startup.s
Comment: EndSort_Food used once
EndSort_Food2 0000016E

Symbol: EndSort_Food2
   Definitions
      At line 340 in file startup.s
   Uses
      At line 287 in file startup.s
Comment: EndSort_Food2 used once
Final_rescue 000000B0

Symbol: Final_rescue
   Definitions
      At line 224 in file startup.s
   Uses
      At line 237 in file startup.s
Comment: Final_rescue used once
Final_rescue2 00000174

Symbol: Final_rescue2
   Definitions
      At line 347 in file startup.s
   Uses
      At line 360 in file startup.s
Comment: Final_rescue2 used once
HardFault_Handler 00000278

Symbol: HardFault_Handler
   Definitions
      At line 458 in file startup.s
   Uses
      At line 62 in file startup.s
      At line 459 in file startup.s

I2C0_IRQHandler 00000288

Symbol: I2C0_IRQHandler
   Definitions
      At line 543 in file startup.s
   Uses
      At line 87 in file startup.s
      At line 507 in file startup.s

I2C1_IRQHandler 00000288

Symbol: I2C1_IRQHandler
   Definitions
      At line 544 in file startup.s
   Uses
      At line 88 in file startup.s
      At line 508 in file startup.s

I2C2_IRQHandler 00000288

Symbol: I2C2_IRQHandler
   Definitions
      At line 545 in file startup.s
   Uses



ARM Macro Assembler    Page 6 Alphabetic symbol ordering
Relocatable symbols

      At line 89 in file startup.s
      At line 509 in file startup.s

I2S_IRQHandler 00000288

Symbol: I2S_IRQHandler
   Definitions
      At line 560 in file startup.s
   Uses
      At line 104 in file startup.s
      At line 524 in file startup.s

InnerLoop_Food 0000003E

Symbol: InnerLoop_Food
   Definitions
      At line 168 in file startup.s
   Uses
      At line 185 in file startup.s
      At line 211 in file startup.s

InnerLoop_Food2 00000102

Symbol: InnerLoop_Food2
   Definitions
      At line 291 in file startup.s
   Uses
      At line 308 in file startup.s
      At line 334 in file startup.s

Lower 000001DA

Symbol: Lower
   Definitions
      At line 416 in file startup.s
   Uses
      At line 414 in file startup.s
Comment: Lower used once
MCPWM_IRQHandler 00000288

Symbol: MCPWM_IRQHandler
   Definitions
      At line 563 in file startup.s
   Uses
      At line 107 in file startup.s
      At line 527 in file startup.s

MemManage_Handler 0000027A

Symbol: MemManage_Handler
   Definitions
      At line 463 in file startup.s
   Uses
      At line 63 in file startup.s
      At line 464 in file startup.s

NMI_Handler 00000276

Symbol: NMI_Handler



ARM Macro Assembler    Page 7 Alphabetic symbol ordering
Relocatable symbols

   Definitions
      At line 453 in file startup.s
   Uses
      At line 61 in file startup.s
      At line 454 in file startup.s

NextDay 000001E4

Symbol: NextDay
   Definitions
      At line 425 in file startup.s
   Uses
      At line 404 in file startup.s
Comment: NextDay used once
NextOuter_Food 000000A4

Symbol: NextOuter_Food
   Definitions
      At line 212 in file startup.s
   Uses
      At line 171 in file startup.s
Comment: NextOuter_Food used once
NextOuter_Food2 00000168

Symbol: NextOuter_Food2
   Definitions
      At line 335 in file startup.s
   Uses
      At line 294 in file startup.s
Comment: NextOuter_Food2 used once
NextSportDay 000001DE

Symbol: NextSportDay
   Definitions
      At line 421 in file startup.s
   Uses
      At line 407 in file startup.s
      At line 415 in file startup.s

Num_days 00000274

Symbol: Num_days
   Definitions
      At line 447 in file startup.s
   Uses
      At line 137 in file startup.s
      At line 383 in file startup.s

Num_days_sport 00000275

Symbol: Num_days_sport
   Definitions
      At line 448 in file startup.s
   Uses
      At line 260 in file startup.s
      At line 384 in file startup.s

PLL0_IRQHandler 00000288




ARM Macro Assembler    Page 8 Alphabetic symbol ordering
Relocatable symbols

Symbol: PLL0_IRQHandler
   Definitions
      At line 549 in file startup.s
   Uses
      At line 93 in file startup.s
      At line 513 in file startup.s

PLL1_IRQHandler 00000288

Symbol: PLL1_IRQHandler
   Definitions
      At line 565 in file startup.s
   Uses
      At line 109 in file startup.s
      At line 529 in file startup.s

PWM1_IRQHandler 00000288

Symbol: PWM1_IRQHandler
   Definitions
      At line 542 in file startup.s
   Uses
      At line 86 in file startup.s
      At line 506 in file startup.s

PendSV_Handler 00000284

Symbol: PendSV_Handler
   Definitions
      At line 486 in file startup.s
   Uses
      At line 73 in file startup.s
      At line 487 in file startup.s

QEI_IRQHandler 00000288

Symbol: QEI_IRQHandler
   Definitions
      At line 564 in file startup.s
   Uses
      At line 108 in file startup.s
      At line 528 in file startup.s

RIT_IRQHandler 00000288

Symbol: RIT_IRQHandler
   Definitions
      At line 562 in file startup.s
   Uses
      At line 106 in file startup.s
      At line 526 in file startup.s

RTC_IRQHandler 00000288

Symbol: RTC_IRQHandler
   Definitions
      At line 550 in file startup.s
   Uses
      At line 94 in file startup.s



ARM Macro Assembler    Page 9 Alphabetic symbol ordering
Relocatable symbols

      At line 514 in file startup.s

Reset_Handler 00000000

Symbol: Reset_Handler
   Definitions
      At line 131 in file startup.s
   Uses
      At line 60 in file startup.s
      At line 132 in file startup.s
      At line 133 in file startup.s

SPI_IRQHandler 00000288

Symbol: SPI_IRQHandler
   Definitions
      At line 546 in file startup.s
   Uses
      At line 90 in file startup.s
      At line 510 in file startup.s

SSP0_IRQHandler 00000288

Symbol: SSP0_IRQHandler
   Definitions
      At line 547 in file startup.s
   Uses
      At line 91 in file startup.s
      At line 511 in file startup.s

SSP1_IRQHandler 00000288

Symbol: SSP1_IRQHandler
   Definitions
      At line 548 in file startup.s
   Uses
      At line 92 in file startup.s
      At line 512 in file startup.s

SVC_Handler 00000280

Symbol: SVC_Handler
   Definitions
      At line 477 in file startup.s
   Uses
      At line 70 in file startup.s
      At line 478 in file startup.s

SportLoop 000001B8

Symbol: SportLoop
   Definitions
      At line 402 in file startup.s
   Uses
      At line 423 in file startup.s
Comment: SportLoop used once
SysTick_Handler 00000286

Symbol: SysTick_Handler



ARM Macro Assembler    Page 10 Alphabetic symbol ordering
Relocatable symbols

   Definitions
      At line 490 in file startup.s
   Uses
      At line 74 in file startup.s
      At line 491 in file startup.s

TIMER0_IRQHandler 00000288

Symbol: TIMER0_IRQHandler
   Definitions
      At line 534 in file startup.s
   Uses
      At line 78 in file startup.s
      At line 498 in file startup.s

TIMER1_IRQHandler 00000288

Symbol: TIMER1_IRQHandler
   Definitions
      At line 535 in file startup.s
   Uses
      At line 79 in file startup.s
      At line 499 in file startup.s

TIMER2_IRQHandler 00000288

Symbol: TIMER2_IRQHandler
   Definitions
      At line 536 in file startup.s
   Uses
      At line 80 in file startup.s
      At line 500 in file startup.s

TIMER3_IRQHandler 00000288

Symbol: TIMER3_IRQHandler
   Definitions
      At line 537 in file startup.s
   Uses
      At line 81 in file startup.s
      At line 501 in file startup.s

UART0_IRQHandler 00000288

Symbol: UART0_IRQHandler
   Definitions
      At line 538 in file startup.s
   Uses
      At line 82 in file startup.s
      At line 502 in file startup.s

UART1_IRQHandler 00000288

Symbol: UART1_IRQHandler
   Definitions
      At line 539 in file startup.s
   Uses
      At line 83 in file startup.s
      At line 503 in file startup.s



ARM Macro Assembler    Page 11 Alphabetic symbol ordering
Relocatable symbols


UART2_IRQHandler 00000288

Symbol: UART2_IRQHandler
   Definitions
      At line 540 in file startup.s
   Uses
      At line 84 in file startup.s
      At line 504 in file startup.s

UART3_IRQHandler 00000288

Symbol: UART3_IRQHandler
   Definitions
      At line 541 in file startup.s
   Uses
      At line 85 in file startup.s
      At line 505 in file startup.s

USBActivity_IRQHandler 00000288

Symbol: USBActivity_IRQHandler
   Definitions
      At line 566 in file startup.s
   Uses
      At line 110 in file startup.s
      At line 530 in file startup.s

USB_IRQHandler 00000288

Symbol: USB_IRQHandler
   Definitions
      At line 557 in file startup.s
   Uses
      At line 101 in file startup.s
      At line 521 in file startup.s

UsageFault_Handler 0000027E

Symbol: UsageFault_Handler
   Definitions
      At line 473 in file startup.s
   Uses
      At line 65 in file startup.s
      At line 474 in file startup.s

WDT_IRQHandler 00000288

Symbol: WDT_IRQHandler
   Definitions
      At line 533 in file startup.s
   Uses
      At line 77 in file startup.s
      At line 497 in file startup.s

74 symbols



ARM Macro Assembler    Page 1 Alphabetic symbol ordering
Absolute symbols

Heap_Size 00000000

Symbol: Heap_Size
   Definitions
      At line 42 in file startup.s
   Uses
      At line 46 in file startup.s
Comment: Heap_Size used once
Stack_Size 00000200

Symbol: Stack_Size
   Definitions
      At line 31 in file startup.s
   Uses
      At line 34 in file startup.s
Comment: Stack_Size used once
2 symbols
430 symbols in table
