


ARM Macro Assembler    Page 1 


    1 00000000         ;/******************************************************
                       ********************//**
    2 00000000         ; * @file     startup_LPC17xx.s
    3 00000000         ; * @brief    CMSIS Cortex-M3 Core Device Startup File f
                       or
    4 00000000         ; *           NXP LPC17xx Device Series
    5 00000000         ; * @version  V1.10
    6 00000000         ; * @date     06. April 2011
    7 00000000         ; *
    8 00000000         ; * @note
    9 00000000         ; * Copyright (C) 2009-2011 ARM Limited. All rights rese
                       rved.
   10 00000000         ; *
   11 00000000         ; * @par
   12 00000000         ; * ARM Limited (ARM) is supplying this software for use
                        with Cortex-M
   13 00000000         ; * processor based microcontrollers.  This file can be 
                       freely distributed
   14 00000000         ; * within development tools that are supporting such AR
                       M based processors.
   15 00000000         ; *
   16 00000000         ; * @par
   17 00000000         ; * THIS SOFTWARE IS PROVIDED "AS IS".  NO WARRANTIES, W
                       HETHER EXPRESS, IMPLIED
   18 00000000         ; * OR STATUTORY, INCLUDING, BUT NOT LIMITED TO, IMPLIED
                        WARRANTIES OF
   19 00000000         ; * MERCHANTABILITY AND FITNESS FOR A PARTICULAR PURPOSE
                        APPLY TO THIS SOFTWARE.
   20 00000000         ; * ARM SHALL NOT, IN ANY CIRCUMSTANCES, BE LIABLE FOR S
                       PECIAL, INCIDENTAL, OR
   21 00000000         ; * CONSEQUENTIAL DAMAGES, FOR ANY REASON WHATSOEVER.
   22 00000000         ; *
   23 00000000         ; ******************************************************
                       ************************/
   24 00000000         
   25 00000000         ; *------- <<< Use Configuration Wizard in Context Menu 
                       >>> ------------------
   26 00000000         
   27 00000000         ; <h> Stack Configuration
   28 00000000         ;   <o> Stack Size (in Bytes) <0x0-0xFFFFFFFF:8>
   29 00000000         ; </h>
   30 00000000         
   31 00000000 00000200 
                       Stack_Size
                               EQU              0x00000200
   32 00000000         
   33 00000000                 AREA             STACK, NOINIT, READWRITE, ALIGN
=3
   34 00000000         Stack_Mem
                               SPACE            Stack_Size
   35 00000200         __initial_sp
   36 00000200         
   37 00000200         
   38 00000200         ; <h> Heap Configuration
   39 00000200         ;   <o>  Heap Size (in Bytes) <0x0-0xFFFFFFFF:8>
   40 00000200         ; </h>
   41 00000200         
   42 00000200 00000000 
                       Heap_Size



ARM Macro Assembler    Page 2 


                               EQU              0x00000000
   43 00000200         
   44 00000200                 AREA             HEAP, NOINIT, READWRITE, ALIGN=
3
   45 00000000         __heap_base
   46 00000000         Heap_Mem
                               SPACE            Heap_Size
   47 00000000         __heap_limit
   48 00000000         
   49 00000000         
   50 00000000                 PRESERVE8
   51 00000000                 THUMB
   52 00000000         
   53 00000000         
   54 00000000         ; Vector Table Mapped to Address 0 at Reset
   55 00000000         
   56 00000000                 AREA             RESET, DATA, READONLY
   57 00000000                 EXPORT           __Vectors
   58 00000000         
   59 00000000 00000000 
                       __Vectors
                               DCD              __initial_sp ; Top of Stack
   60 00000004 00000000        DCD              Reset_Handler ; Reset Handler
   61 00000008 00000000        DCD              NMI_Handler ; NMI Handler
   62 0000000C 00000000        DCD              HardFault_Handler ; Hard Fault 
                                                            Handler
   63 00000010 00000000        DCD              MemManage_Handler 
                                                            ; MPU Fault Handler
                                                            
   64 00000014 00000000        DCD              BusFault_Handler 
                                                            ; Bus Fault Handler
                                                            
   65 00000018 00000000        DCD              UsageFault_Handler ; Usage Faul
                                                            t Handler
   66 0000001C 00000000        DCD              0           ; Reserved
   67 00000020 00000000        DCD              0           ; Reserved
   68 00000024 00000000        DCD              0           ; Reserved
   69 00000028 00000000        DCD              0           ; Reserved
   70 0000002C 00000000        DCD              SVC_Handler ; SVCall Handler
   71 00000030 00000000        DCD              DebugMon_Handler ; Debug Monito
                                                            r Handler
   72 00000034 00000000        DCD              0           ; Reserved
   73 00000038 00000000        DCD              PendSV_Handler ; PendSV Handler
                                                            
   74 0000003C 00000000        DCD              SysTick_Handler 
                                                            ; SysTick Handler
   75 00000040         
   76 00000040         ; External Interrupts
   77 00000040 00000000        DCD              WDT_IRQHandler ; 16: Watchdog T
                                                            imer
   78 00000044 00000000        DCD              TIMER0_IRQHandler ; 17: Timer0
   79 00000048 00000000        DCD              TIMER1_IRQHandler ; 18: Timer1
   80 0000004C 00000000        DCD              TIMER2_IRQHandler ; 19: Timer2
   81 00000050 00000000        DCD              TIMER3_IRQHandler ; 20: Timer3
   82 00000054 00000000        DCD              UART0_IRQHandler ; 21: UART0
   83 00000058 00000000        DCD              UART1_IRQHandler ; 22: UART1
   84 0000005C 00000000        DCD              UART2_IRQHandler ; 23: UART2
   85 00000060 00000000        DCD              UART3_IRQHandler ; 24: UART3
   86 00000064 00000000        DCD              PWM1_IRQHandler ; 25: PWM1



ARM Macro Assembler    Page 3 


   87 00000068 00000000        DCD              I2C0_IRQHandler ; 26: I2C0
   88 0000006C 00000000        DCD              I2C1_IRQHandler ; 27: I2C1
   89 00000070 00000000        DCD              I2C2_IRQHandler ; 28: I2C2
   90 00000074 00000000        DCD              SPI_IRQHandler ; 29: SPI
   91 00000078 00000000        DCD              SSP0_IRQHandler ; 30: SSP0
   92 0000007C 00000000        DCD              SSP1_IRQHandler ; 31: SSP1
   93 00000080 00000000        DCD              PLL0_IRQHandler ; 32: PLL0 Lock
                                                             (Main PLL)
   94 00000084 00000000        DCD              RTC_IRQHandler ; 33: Real Time 
                                                            Clock
   95 00000088 00000000        DCD              EINT0_IRQHandler ; 34: External
                                                             Interrupt 0
   96 0000008C 00000000        DCD              EINT1_IRQHandler ; 35: External
                                                             Interrupt 1
   97 00000090 00000000        DCD              EINT2_IRQHandler ; 36: External
                                                             Interrupt 2
   98 00000094 00000000        DCD              EINT3_IRQHandler ; 37: External
                                                             Interrupt 3
   99 00000098 00000000        DCD              ADC_IRQHandler 
                                                            ; 38: A/D Converter
                                                            
  100 0000009C 00000000        DCD              BOD_IRQHandler ; 39: Brown-Out 
                                                            Detect
  101 000000A0 00000000        DCD              USB_IRQHandler ; 40: USB
  102 000000A4 00000000        DCD              CAN_IRQHandler ; 41: CAN
  103 000000A8 00000000        DCD              DMA_IRQHandler ; 42: General Pu
                                                            rpose DMA
  104 000000AC 00000000        DCD              I2S_IRQHandler ; 43: I2S
  105 000000B0 00000000        DCD              ENET_IRQHandler ; 44: Ethernet
  106 000000B4 00000000        DCD              RIT_IRQHandler ; 45: Repetitive
                                                             Interrupt Timer
  107 000000B8 00000000        DCD              MCPWM_IRQHandler ; 46: Motor Co
                                                            ntrol PWM
  108 000000BC 00000000        DCD              QEI_IRQHandler ; 47: Quadrature
                                                             Encoder Interface
  109 000000C0 00000000        DCD              PLL1_IRQHandler ; 48: PLL1 Lock
                                                             (USB PLL)
  110 000000C4 00000000        DCD              USBActivity_IRQHandler ; 49: US
                                                            B Activity interrup
                                                            t to wakeup
  111 000000C8 00000000        DCD              CANActivity_IRQHandler ; 50: CA
                                                            N Activity interrup
                                                            t to wakeup
  112 000000CC         
  113 000000CC         
  114 000000CC                 IF               :LNOT::DEF:NO_CRP
  115 000000CC                 AREA             |.ARM.__at_0x02FC|, CODE, READO
NLY
  116 00000000 FFFFFFFF 
                       CRP_Key DCD              0xFFFFFFFF
  117 00000004                 ENDIF
  118 00000004         
  119 00000004         
  120 00000004                 AREA             dati, DATA, READWRITE, align=3
  121 00000000 00 00 00 
              00 00 00 
              00 00 00 
              00 00 00 
              00 00 00 



ARM Macro Assembler    Page 4 


              00 00 00 
              00 00 00 
              00 00 00 
              00 00 00 
              00 00 00 
              00 00 00 
              00 00 00 
              00 00 00 
              00 00 00 
              00 00 00 
              00 00 00 
              00 00 00 
              00 00 00 
              00 00 00 
              00 00 00 
              00 00 00 
              00 00 00 
              00 00 00 
              00 00 00 
              00 00 00 
              00 00 00 
              00 00 00 
              00 00 00 
              00 00 00 
              00 00 00 
              00 00 00 
              00 00 00 
              00 00 00 
              00 00 00 
              00 00 00 
              00 00 00 
              00 00 00 
              00 00 00 
              00 00 00 
              00 00 00 
              00 00 00 
              00 00 00 
              00 00 00 
              00 00 00 
              00 00 00 
              00 00 00 
              00 00 00 
              00 00 00 
              00 00 00 
              00 00 00 
              00 00 00 
              00 00 00 
              00 00 00 
              00 00 00 
              00 00 00 
              00 00 00 
              00 00 00 
              00 00 00 
              00 00 00 
              00 00 00 
              00 00 00 
              00 00 00 
              00 00 00 
              00 00 00 



ARM Macro Assembler    Page 5 


              00 00 00 
              00 00 00 
              00 00 00 
              00 00 00 
              00 00 00 
              00 00 00 
              00 00 00 
              00 00 00 
              00 00 00 
              00 00 00 
              00 00 00 
              00 00 00 
              00 00 00 
              00 00 00 
              00 00 00 
              00 00 00 
              00 00 00 
              00 00 00 
              00 00 00 
              00 00 00 
              00 00 00 
              00 00 00 
              00 00 00 
              00 00 00 
              00 00 00 
              00 00 00 
              00 00 00 
              00 00 00 
              00 00 00 
              00 00 00 
              00 00 00 
              00 00 00 
              00 00 00 
              00 00 00 
              00 00 00 
              00 00 00 
              00 00 00 
              00 00 00 
              00 00 00 
              00 00 00 
              00 00 00 
              00 00 00 
              00 00 00 
              00 00 00 
              00 00 00 
              00 00 00 
              00 00 00 
              00 00 00 
              00 00 00 
              00 00 00 
              00 00 00 
              00 00 00 
              00 00 00 
              00 00 00 
              00 00 00 
              00 00 00 
              00 00 00 
              00 00 00 
              00 00 00 



ARM Macro Assembler    Page 6 


              00 00 00 
              00 00 00 
              00 00 00 
              00 00 00 
              00 00 00 
              00 00 00 
              00 00 00 
              00 00 00 
              00 00 00 
              00 00 00 
              00 00 00 
              00 00 00 
              00 00 00 
              00 00 00 
              00 00 00 
              00 00 00 
              00 00 00 
              00 00 00 
              00 00 00 
              00 00 00 
              00 00 00 
              00 00 00 
              00 00 00 
              00 00 00 
              00 00 00 
              00 00 00 
              00 00 00 
              00 00 00 
              00 00 00 
              00 00 00 
              00 00 00 
              00 00 00 
              00 00 00 
              00 00 00 
              00 00 00 
              00 00 00 
              00 00 00 
              00 00 00 
              00 00 00 
              00 00 00 
              00 00 00 
              00 00 00 
              00 00 00 
              00 00 00 
              00 00 00 
              00 00 00 
              00 00 00 
              00 00 00 
              00 00 00 
              00 00 00 
              00 00 00 
              00 00 00 
              00 00 00 
              00 00 00 
              00 00 00 
              00 00 00 
              00 00 00 
              00 00 00 
              00 00 00 



ARM Macro Assembler    Page 7 


              00 00 00 
              00 00 00 
              00 00 00 
              00 00 00 
              00 00 00 
              00 00 00 
              00 00 00 
              00 00 00 
              00 00 00 
              00 00 00 
              00 00 00 
              00 00 00 
              00 00 00 
              00 00 00 
              00 00 00 
              00 00 00 
              00 00 00 
              00 00 00 
              00 00 00 
              00 00 00 
              00 00 00 
              00 00 00 
              00 00 00 
              00 00 00 
              00 00 00 
              00 00 00 
              00 00 00 
              00 00 00 
              00 00 00 
              00 00 00 
              00 00 00 
              00 00 00 
              00 00 00 
              00 00 00 
              00 00 00 
              00 00 00 
              00 00 00 
              00 00 00 
              00 00 00 
              00 00 00 
              00 00 00 
              00 00 00 
              00 00 00 
              00 00 00 
              00 00 00 
              00 00 00 
              00 00 00 
              00 00 00 
              00 00 00 
              00 00 00 
              00 00 00 
              00 00 00 
              00 00 00 
              00 00 00 
              00 00 00 
              00 00 00 
              00 00 00 
              00 00 00 
              00 00 00 



ARM Macro Assembler    Page 8 


              00 00 00 
              00 00 00 
              00 00 00 
              00 00 00 
              00 00 00 
              00 00 00 
              00 00 00 
              00 00 00 
              00 00 00 
              00 00 00 
              00 00 00 
              00 00 00 
              00 00 00 
              00 00 00 
              00 00 00 
              00 00 00 
              00 00 00 
              00 00 00 
              00 00 00 
              00 00 00 
              00 00 00 
              00 00 00 
              00 00 00 
              00 00 00 
              00 00 00 
              00 00 00 
              00 00 00 
              00 00 00 
              00 00 00 
              00 00 00 
              00 00 00 
              00 00 00 
              00 00 00 
              00 00 00 
              00 00 00 
              00 00 00 
              00 00 00 
              00 00 00 
              00 00 00 
              00 00 00 
              00 00 00 
              00 00 00 
              00 00 00 
              00 00 00 
              00 00 00 
              00 00 00 
              00 00 00 
              00 00 00 
              00 00 00 
              00 00 00 
              00 00 00 
              00 00 00 
              00 00 00 
              00 00 00 
              00 00 00 
              00 00 00 
              00 00 00 
              00 00 00 
              00 00 00 



ARM Macro Assembler    Page 9 


              00 00 00 
              00 00 00 
              00 00 00 
              00 00 00 
              00 00 00 
              00 00 00 
              00 00 00 
              00 00 00 
              00 00 00 
              00 00 00 
              00 00 00 
              00 00 00 
              00 00 00 
              00 00 00 
              00 00 00 
              00 00 00 
              00 00 00 
              00 00 00 
              00 00 00 
              00 00 00 
              00 00 00 
              00 00 00 
              00 00 00 
              00 00 00 
              00 00 00 
              00 00 00 
              00 00 00 
              00 00 00 
              00 00 00 
              00 00 00 
              00 00 00 
              00 00 00 
              00 00 00 
              00 00 00 
              00 00 00 
              00 00 00 
              00 00 00 
              00 00 00 
              00 00 00 
              00 00 00 
              00 00 00 
              00 00 00 
              00 00 00 
              00 00 00 
              00 00 00 
              00 00 00 
              00 00 00 
              00 00 00 
              00 00 00 
              00 00 00 
              00 00 00 
              00 00 00 
              00 00 00 
              00 00 00 
              00 00 00 
              00 00 00 
              00 00 00 
              00 00 00 
              00 00 00 



ARM Macro Assembler    Page 10 


              00 00 00 
              00 00 00 
              00 00 00 
              00 00 00 
              00 00 00 
              00 00 00 
              00 00 00 
              00 00 00 
              00 00 00 
              00 00 00 
              00 00 00 
              00 00 00 
              00 00 00 
              00 00 00 
              00 00 00 
              00 00 00 
              00 00 00 
              00 00 00 
              00 00 00 
              00 00 00 
              00 00 00 
              00 00 00 
              00 00 00 
              00 00 00 
              00 00 00 
              00 00 00 
              00 00 00 
              00 00 00 
              00 00 00 
              00 00 00 
              00 00 00 
              00 00 00 
              00 00 00 
              00 00 00 
              00 00 00 
              00 00 00 
              00 00 00 
              00 00 00 
              00 00 00 
              00 00 00 
              00 00 00 
              00 00 00 
              00 00 00 
              00 00 00 
              00 00 00 
              00 00 00 
              00 00 00 
              00 00 00 
              00 00 00 
              00 00 00 
              00 00 00 
              00 00 00 
              00 00 00 
              00 00 00 
              00 00 00 
              00 00 00 
              00 00 00 
              00 00 00 
              00 00 00 



ARM Macro Assembler    Page 11 


              00 00 00 
              00 00 00 
              00 00 00 
              00 00 00 
              00 00 00 
              00 00 00 
              00 00 00 
              00 00 00 
              00 00 00 
              00 00 00 
              00 00 00 
              00 00 00 
              00 00 00 
              00 00 00 
              00 00 00 
              00 00 00 
              00 00 00 
              00 00 00 
              00 00 00 
              00 00 00 
              00 00 00 
              00 00 00 
              00 00 00 
              00 00 00 
              00 00 00 
              00 00 00 
              00 00 00 
              00 00 00 
              00 00 00 
              00 00 00 
              00 00 00 
              00 00 00 
              00 00 00 
              00 00 00 
              00 00 00 
              00 00 00 
              00 00 00 
              00 00 00 
              00 00 00 
              00 00 00 
              00 00 00 
              00 00 00 
              00 00 00 
              00 00 00 
              00 00 00 
              00 00 00 
              00 00 00 
              00 00 00 
              00 00 00 
              00 00 00 
              00 00 00 
              00 00 00 
              00 00 00 
              00 00 00 
              00 00 00 
              00 00 00 
              00 00 00 
              00 00 00 
              00 00 00 



ARM Macro Assembler    Page 12 


              00 00 00 
              00 00 00 
              00 00 00 
              00 00 00 
              00 00 00 
              00 00 00 
              00 00 00 
              00 00 00 
              00 00 00 
              00 00 00 
              00 00 00 
              00 00 00 
              00 00 00 
              00 00 00 
              00 00 00 
              00 00 00 
              00 00 00 
              00 00 00 
              00 00 00 
              00 00 00 
              00 00 00 
              00 00 00 
              00 00 00 
              00 00 00 
              00 00 00 
              00 00 00 
              00 00 00 
              00 00 00 
              00 00 00 
              00 00 00 
              00 00 00 
              00 00 00 
              00 00 00 
              00 00 00 
              00 00 00 
              00 00 00 
              00 00 00 
              00 00 00 
              00 00 00 
              00 00 00 
              00 00 00 
              00 00 00 
              00 00 00 
              00 00 00 
              00 00 00 
              00 00 00 
              00 00 00 
              00 00 00 
              00 00 00 
              00 00 00 
              00 00 00 
              00 00 00 
              00 00 00 
              00 00 00 
              00 00 00 
              00 00 00 
              00 00 00 
              00 00 00 
              00 00 00 



ARM Macro Assembler    Page 13 


              00 00 00 
              00 00 00 
              00 00 00 
              00 00 00 
              00 00 00 
              00 00 00 
              00 00 00 
              00 00 00 
              00 00 00 
              00 00 00 
              00 00 00 
              00 00 00 
              00 00 00 
              00 00 00 
              00 00 00 
              00 00 00 
              00 00 00 
              00 00 00 
              00 00 00 
              00 00 00 
              00 00 00 
              00 00 00 
              00 00 00 
              00 00 00 
              00 00 00 
              00 00 00 
              00 00 00 
              00 00 00 
              00 00 00 
              00 00 00 
              00 00 00 
              00 00 00 
              00 00 00 
              00 00 00 
              00 00 00 
              00 00 00 
              00 00 00 
              00 00 00 
              00 00 00 
              00 00 00 
              00 00 00 
              00 00 00 
              00 00 00 
              00 00 00 
              00 00 00 
              00 00 00 
              00 00 00 
              00 00 00 
              00 00 00 
              00 00 00 
              00 00 00 
              00 00 00 
              00 00 00 
              00 00 00 
              00 00 00 
              00 00 00 
              00 00 00 
              00 00 00 
              00 00 00 



ARM Macro Assembler    Page 14 


              00 00 00 
              00 00 00 
              00 00 00 
              00 00 00 
              00 00 00 
              00 00 00 
              00 00 00 
              00 00 00 
              00 00 00 
              00 00 00 
              00 00 00 
              00 00 00 
              00 00 00 
              00 00 00 
              00 00 00 
              00 00 00 
              00 00 00 
              00 00 00 
              00 00 00 
              00 00 00 
              00 00 00 
              00 00 00 
              00 00 00 
              00 00 00 
              00 00 00 
              00 00 00 
              00 00 00 
              00 00 00 
              00 00 00 
              00 00 00 
              00 00 00 
              00 00 00 
              00 00 00 
              00 00 00 
              00 00 00 
              00 00 00 
              00 00 00 
              00 00 00 
              00 00 00 
              00 00 00 
              00 00 00 
              00 00 00 
              00 00 00 
              00 00 00 
              00 00 00 
              00 00 00 
              00 00 00 
              00 00 00 
              00 00 00 
              00 00 00 
              00 00 00 
              00 00 00 
              00 00 00 
              00 00 00 
              00 00 00 
              00 00 00 
              00 00 00 
              00 00 00 
              00 00 00 



ARM Macro Assembler    Page 15 


              00 00 00 
              00 00 00 
              00 00 00 
              00 00 00 
              00 00 00 
              00 00 00 
              00 00 00 
              00 00 00 
              00 00 00 
              00 00 00 
              00 00 00 
              00 00 00 
              00 00 00 
              00 00 00 
              00 00 00 
              00 00 00 
              00 00 00 
              00 00 00 
              00 00 00 
              00 00 00 
              00 00 00 
              00 00 00 
              00 00 00 
              00 00 00 
              00 00 00 
              00 00 00 
              00 00 00 
              00 00 00 
              00 00 00 
              00 00 00 
              00 00 00 
              00 00 00 
              00 00 00 
              00 00 00 
              00 00 00 
              00 00 00 
              00 00 00 
              00 00 00 
              00 00 00 
              00 00 00 
              00 00 00 
              00 00 00 
              00 00 00 
              00 00 00 
              00 00 00 
              00 00 00 
              00 00 00 
              00 00 00 
              00 00 00 
              00 00 00 
              00 00 00 
              00 00 00 
              00 00 00 
              00 00 00 
              00 00 00 
              00 00 00 
              00 00 00 
              00 00 00 
              00 00 00 



ARM Macro Assembler    Page 16 


              00 00 00 
              00 00 00 
              00 00 00 
              00 00 00 
              00 00 00 
              00 00 00 
              00 00 00 
              00 00 00 
              00 00 00 
              00 00 00 
              00 00 00 
              00 00 00 
              00 00 00 
              00 00 00 
              00 00 00 
              00 00 00 
              00 00 00 
              00 00 00 
              00 00 00 
              00 00 00 
              00 00 00 
              00 00 00 
              00 00 00 
              00 00 00 
              00 00 00 
              00 00 00 
              00 00 00 
              00 00 00 
              00 00 00 
              00 00 00 
              00 00 00 
              00 00 00 
              00 00 00 
              00 00 00 
              00 00 00 
              00 00 00 
              00 00 00 
              00 00 00 
              00 00 00 
              00 00 00 
              00 00 00 
              00 00 00 
              00 00 00 
              00 00 00 
              00 00 00 
              00 00 00 
              00 00 00 
              00 00 00 
              00 00 00 
              00 00 00 
              00 00 00 
              00 00 00 
              00 00 00 
              00 00 00 
              00 00 00 
              00 00 00 
              00 00 00 
              00 00 00 
              00 00 00 



ARM Macro Assembler    Page 17 


              00 00 00 
              00 00 00 
              00 00 00 
              00 00 00 
              00 00 00 
              00 00 00 
              00 00 00 
              00 00 00 
              00 00 00 
              00 00 00 
              00 00 00 
              00 00 00 
              00 00 00 
              00 00 00 
              00 00 00 
              00 00 00 
              00 00 00 
              00 00 00 
              00 00 00 
              00 00 00 
              00 00 00 
              00 00 00 
              00 00 00 
              00 00 00 
              00 00 00 
              00 00 00 
              00 00 00 
              00 00 00 
              00 00 00 
              00 00 00 
              00 00 00 
              00 00 00 
              00 00 00 
              00 00 00 
              00 00 00 
              00 00 00 
              00 00 00 
              00 00 00 
              00 00 00 
              00 00 00 
              00 00 00 
              00 00 00 
              00 00 00 
              00 00 00 
              00 00 00 
              00 00 00 
              00 00 00 
              00 00 00 
              00 00 00 
              00 00 00 
              00 00 00 
              00 00 00 
              00 00 00 
              00 00 00 
              00 00 00 
              00 00 00 
              00 00 00 
              00 00 00 
              00 00 00 



ARM Macro Assembler    Page 18 


              00 00 00 
              00 00 00 
              00 00 00 
              00 00 00 
              00 00 00 
              00 00 00 
              00 00 00 
              00 00 00 
              00 00 00 
              00 00 00 
              00 00 00 
              00 00 00 
              00 00 00 
              00 00 00 
              00 00 00 
              00 00 00 
              00 00 00 
              00 00 00 
              00 00 00 
              00 00 00 
              00 00 00 
              00 00 00 
              00 00 00 
              00 00 00 
              00 00 00 
              00 00 00 
              00 00 00 
              00 00 00 
              00 00 00 
              00 00 00 
              00 00 00 
              00 00 00 
              00 00 00 
              00 00 00 
              00 00 00 
              00 00 00 
              00 00 00 
              00 00 00 
              00 00 00 
              00 00 00 
              00 00 00 
              00 00 00 
              00 00 00 
              00 00 00 
              00 00 00 
              00 00 00 
              00 00 00 
              00 00 00 
              00 00 00 
              00 00 00 
              00 00 00 
              00 00 00 
              00 00 00 
              00 00 00 
              00 00 00 
              00 00 00 
              00 00 00 
              00 00 00 
              00 00 00 



ARM Macro Assembler    Page 19 


              00 00 00 
              00 00 00 
              00 00 00 
              00 00 00 
              00 00 00 
              00 00 00 
              00 00 00 
              00 00 00 
              00 00 00 
              00 00 00 
              00 00 00 
              00 00 00 
              00 00 00 
              00 00 00 
              00 00 00 
              00 00 00 
              00 00 00 
              00 00 00 
              00 00 00 
              00 00 00 
              00 00 00 
              00 00 00 
              00 00 00 
              00 00 00 
              00 00 00 
              00 00 00 
              00 00 00 
              00 00 00 
              00 00 00 
              00 00 00 
              00 00 00 
              00 00 00 
              00 00 00 
              00 00 00 
              00 00 00 
              00 00 00 
              00 00 00 
              00 00 00 
              00 00 00 
              00 00 00 
              00 00 00 
              00 00 00 
              00 00 00 
              00 00 00 
              00 00 00 
              00 00 00 
              00 00 00 
              00 00 00 
              00 00 00 
              00 00 00 
              00 00 00 
              00 00 00 
              00 00 00 
              00 00 00 
              00 00 00 
              00 00 00 
              00 00 00 
              00 00 00 
              00 00 00 



ARM Macro Assembler    Page 20 


              00 00 00 
              00 00 00 
              00 00 00 
              00 00 00 
              00 00 00 
              00 00 00 
              00 00 00 
              00 00 00 
              00 00 00 
              00 00 00 
              00 00 00 
              00 00 00 
              00 00 00 
              00 00 00 
              00 00 00 
              00 00 00 
              00 00 00 
              00 00 00 
              00 00 00 
              00 00 00 
              00 00 00 
              00 00 00 
              00 00 00 
              00 00 00 
              00 00 00 
              00 00 00 
              00 00 00 
              00 00 00 
              00 00 00 
              00 00 00 
              00 00 00 
              00 00 00 
              00 00 00 
              00 00 00 
              00 00 00 
              00 00 00 
              00 00 00 
              00 00 00 
              00 00 00 
              00 00 00 
              00 00 00 
              00 00 00 
              00 00 00 
              00 00 00 
              00 00 00 
              00 00 00 
              00 00 00 
              00 00 00 
              00 00 00 
              00 00 00 
              00 00 00 
              00 00 00 
              00 00 00 
              00 00 00 
              00 00 00 
              00 00 00 
              00 00 00 
              00 00 00 
              00 00 00 



ARM Macro Assembler    Page 21 


              00 00 00 
              00 00 00 
              00 00 00 
              00 00 00 
              00 00 00 
              00 00 00 
              00 00 00 
              00 00 00 
              00 00 00 
              00 00 00 
              00 00 00 
              00 00 00 
              00 00 00 
              00 00 00 
              00 00 00 
              00 00 00 
              00 00 00 
              00 00 00 
              00 00 00 
              00 00 00 
              00 00 00 
              00 00 00 
              00 00 00 
              00 00 00 
              00 00 00 
              00 00 00 
              00 00 00 
              00 00 00 
              00 00 00 
              00 00 00 
              00 00 00 
              00 00 00 
              00 00 00 
              00 00 00 
              00 00 00 
              00 00 00 
              00 00 00 
              00 00 00 
              00 00 00 
              00 00 00 
              00 00 00 
              00 00 00 
              00 00 00 
              00 00 00 
              00 00 00 
              00 00 00 
              00 00 00 
              00 00 00 
              00 00 00 
              00 00 00 
              00 00 00 
              00 00 00 
              00 00 00 
              00 00 00 
              00 00 00 
              00 00 00 
              00 00 00 
              00 00 00 
              00 00 00 



ARM Macro Assembler    Page 22 


              00 00 00 
              00 00 00 
              00 00 00 
              00 00 00 
              00 00 00 
              00 00 00 
              00 00 00 
              00 00 00 
              00 00 00 
              00 00 00 
              00 00 00 
              00 00 00 
              00 00 00 
              00 00 00 
              00 00 00 
              00 00 00 
              00 00 00 
              00 00 00 
              00 00 00 
              00 00 00 
              00 00 00 
              00 00 00 
              00 00 00 
              00 00 00 
              00 00 00 
              00 00 00 
              00 00 00 
              00 00 00 
              00 00 00 
              00 00 00 
              00 00 00 
              00 00 00 
              00 00 00 
              00 00 00 
              00 00 00 
              00 00 00 
              00 00 00 
              00 00 00 
              00 00 00 
              00 00 00 
              00 00 00 
              00 00 00 
              00 00 00 
              00 00 00 
              00 00 00 
              00 00 00 
              00 00 00 
              00 00 00 
              00 00 00 
              00 00 00 
              00 00 00 
              00 00 00 
              00 00 00 
              00 00 00 
              00 00 00 
              00 00 00 
              00 00 00 
              00 00 00 
              00 00 00 



ARM Macro Assembler    Page 23 


              00 00 00 
              00 00 00 
              00 00 00 
              00 00 00 
              00 00 00 
              00 00 00 
              00 00 00 
              00 00 00 
              00 00 00 
              00 00 00 
              00 00 00 
              00 00 00 
              00 00 00 
              00 00 00 
              00 00 00 
              00 00 00 
              00 00 00 
              00 00 00 
              00 00 00 
              00 00 00 
              00 00 00 
              00 00 00 
              00 00 00 
              00 00 00 
              00 00 00 
              00 00 00 
              00 00 00 
              00 00 00 
              00 00 00 
              00 00 00 
              00 00 00 
              00 00 00 
              00 00 00 
              00 00 00 
              00 00 00 
              00 00 00 
              00 00 00 
              00 00 00 
              00 00 00 
              00 00 00 
              00 00 00 
              00 00 00 
              00 00 00 
              00 00 00 
              00 00 00 
              00 00 00 
              00 00 00 
              00 00 00 
              00 00 00 
              00 00 00 
              00 00 00 
              00 00 00 
              00 00 00 
              00 00 00 
              00 00 00 
              00 00 00 
              00 00 00 
              00 00 00 
              00 00 00 



ARM Macro Assembler    Page 24 


              00 00 00 
              00 00 00 
              00 00 00 
              00 00 00 
              00 00 00 
              00 00 00 
              00 00 00 
              00 00 00 
              00 00 00 
              00 00 00 
              00 00 00 
              00 00 00 
              00 00 00 
              00 00 00 
              00 00 00 
              00 00 00 
              00 00 00 
              00 00 00 
              00 00 00 
              00 00 00 
              00 00 00 
              00 00 00 
              00 00 00 
              00 00 00 
              00 00 00 
              00 00 00 
              00 00 00 
              00 00 00 
              00 00 00 
              00 00 00 
              00 00 00 
              00 00 00 
              00 00 00 
              00 00 00 
              00 00 00 
              00 00 00 
              00 00 00 
              00 00 00 
              00 00 00 
              00 00 00 
              00 00 00 
              00 00 00 
              00 00 00 
              00 00 00 
              00 00 00 
              00 00 00 
              00 00 00 
              00 00 00 
              00 00 00 
              00 00 00 
              00 00 00 
              00 00 00 
              00 00 00 
              00 00 00 
              00 00 00 
              00 00 00 
              00 00 00 
              00 00 00 
              00 00 00 



ARM Macro Assembler    Page 25 


              00 00 00 
              00 00 00 
              00 00 00 
              00 00 00 
              00 00 00 
              00 00 00 
              00 00 00 
              00 00 00 
              00 00 00 
              00 00 00 
              00 00 00 
              00 00 00 
              00 00 00 
              00 00 00 
              00 00 00 
              00 00 00 
              00 00 00 
              00 00 00 
              00 00 00 
              00 00 00 
              00 00 00 
              00 00 00 
              00 00 00 
              00 00 00 
              00 00 00 
              00 00 00 
              00 00 00 
              00 00 00 
              00 00 00 
              00 00 00 
              00 00 00 
              00 00 00 
              00 00 00 
              00 00 00 
              00 00 00 
              00 00 00 
              00 00 00 
              00 00 00 
              00 00 00 
              00 00 00 
              00 00 00 
              00 00 00 
              00 00 00 
              00 00 00 
              00 00 00 
              00 00 00 
              00 00 00 
              00 00 00 
              00 00 00 
              00 00 00 
              00 00 00 
              00 00 00 
              00 00 00 
              00 00 00 
              00 00 00 
              00 00 00 
              00 00 00 
              00 00 00 
              00 00 00 



ARM Macro Assembler    Page 26 


              00 00 00 
              00 00 00 
              00 00 00 
              00 00 00 
              00 00 00 
              00 00 00 
              00 00 00 
              00 00 00 
              00 00 00 
              00 00 00 
              00 00 00 
              00 00 00 
              00 00 00 
              00 00 00 
              00 00 00 
              00 00 00 
              00 00 00 
              00 00 00 
              00 00 00 
              00 00 00 
              00 00 00 
              00 00 00 
              00 00 00 
              00 00 00 
              00 00 00 
              00 00 00 
              00 00 00 
              00 00 00 
              00 00 00 
              00 00 00 
              00 00 00 
              00 00 00 
              00 00 00 
              00 00 00 
              00 00 00 
              00 00 00 
              00 00 00 
              00 00 00 
              00 00 00 
              00 00 00 
              00 00 00 
              00 00 00 
              00 00 00 
              00 00 00 
              00 00 00 
              00 00 00 
              00 00 00 
              00 00 00 
              00 00 00 
              00 00 00 
              00 00 00 
              00 00 00 
              00 00 00 
              00 00 00 
              00 00 00 
              00 00 00 
              00 00 00 
              00 00 00 
              00 00 00 



ARM Macro Assembler    Page 27 


              00 00 00 
              00 00 00 
              00 00 00 
              00       myspace SPACE            4096
  122 00001000         
  123 00001000         
  124 00001000         
  125 00001000                 AREA             |.text|, CODE, READONLY, align=
3
  126 00000000         
  127 00000000         
  128 00000000         ; Reset Handler
  129 00000000         
  130 00000000         Reset_Handler
                               PROC
  131 00000000                 EXPORT           Reset_Handler             [WEAK
]
  132 00000000 481A            LDR              R0, =Reset_Handler
  133 00000002         
  134 00000002 F04F 0B00       MOV              R11, #0     ;counter days with 
                                                            cal less 500
  135 00000006 F04F 0100       MOV              R1, #0      ;index for days loo
                                                            p
  136 0000000A 4C19            LDR              R4, =Calories_food ; pointer a 
                                                            Calories_food table
                                                            
  137 0000000C 4D19            LDR              R5, =Calories_sport ; pointer a
                                                             Calories_sport tab
                                                            le
  138 0000000E F89F 60C0       LDRB             R6, Num_days ; tot num of days
  139 00000012 F89F 70BD       LDRB             R7, Num_days_sport
  140 00000016 F04F 0300       MOV              R3, #0      ; Initialize R3 to 
                                                            0 for indexing
  141 0000001A         
  142 0000001A         
  143 0000001A         DayLoop                              ;faccio un loop dov
                                                            e mi carico l indir
                                                            izzo del giorno, n 
                                                            cal giorno poi entr
                                                            o nell altro loop d
                                                            ove loopo tra tutti
                                                             gli elem (4) e com
                                                            paro se 
  144 0000001A         ;l'indirizzo del giorno è uguale e se si allora faccio l
                       a sottrazione e se minore di 500 aggiorno, se no 
  145 0000001A         ;torno su, il tutto fatto per 7 volte
  146 0000001A         ;Load food calories for the day
  147 0000001A         ;trovare il modo di usare una sola varibaile, tipo r3 pe
                       r caricare sia l indirizzo sia il valore dei vettore
  148 0000001A         ;MOV R3, #1 ;questo mi serve per caricare il valore, ma 
                       devo usare un altro registro per caricare il primo indic
                       e? penso di si
  149 0000001A         ;LDR R2,[R4, R12];carico il valore del giorno
  150 0000001A         ;LDR R1, [R4, R3+1, LSL #2]  ; carica calorie del giorno
                       , pero il #4 fa caricato in un registro che poi andra in
                       crementato sempre per caricare gli altri valori
  151 0000001A         ;carico address in r2 delle cal del giorno x
  152 0000001A 58E2            LDR              R2, [R4,R3]
  153 0000001C F103 0304       ADD              R3,R3,#4



ARM Macro Assembler    Page 28 


  154 00000020         ;carico in r1 calorie value
  155 00000020 F854 9003       LDR              R9,[R4,R3]
  156 00000024 F103 0304       ADD              R3,R3,#4
  157 00000028         ;Il loop deve essere su Num_days
  158 00000028         
  159 00000028         ;inizializzo sport cal to 0 per il giorno
  160 00000028 F04F 0A00       MOV              R10,#0
  161 0000002C F04F 0800       MOV              R8,#0       ;indice per calorie
                                                            s_sport loop
  162 00000030         
  163 00000030         
  164 00000030         SportLoop
  165 00000030 45B8            CMP              R8, R7      ; se non sono ugual
                                                            i vuol dire che dev
                                                            o ancora finire di 
                                                            iterare Num_days_sp
                                                            ort
  166 00000032 DA15            BGE              NextDay     ;se r8 ha un valore
                                                             >= di r7 allora si
                                                             attiva il salto a 
                                                            nosportcalories
  167 00000034 F855 C038       LDR              R12, [R5, R8, LSL #3] ; Load da
                                                            y ID from Calories_
                                                            sport
  168 00000038 4562            CMP              R2, R12
  169 0000003A D108            BNE              NextSportDay
  170 0000003C         ;calcolo per il valore delle cal bruciate per l address 
                       R12
  171 0000003C EB05 0CC8       ADD              R12,R5,R8, LSL #3 ;Calculate th
                                                            e base address of t
                                                            he current entry
  172 00000040 F10C 0C04       ADD              R12,R12,#4  ;Add 4 to the base 
                                                            address to get to t
                                                            he calorie value
  173 00000044 F8DC A000       LDR              R10, [R12]  ; Load sport calori
                                                            es
  174 00000048 EBA9 090A       SUB              R9, R9, R10 ; Subtract sport ca
                                                            lories from food ca
                                                            lories
  175 0000004C E002            B                CheckCalories
  176 0000004E         NoSportCalories
  177 0000004E         NextSportDay
  178 0000004E F108 0801       ADD              R8, R8, #1
  179 00000052 E7ED            B                SportLoop
  180 00000054         CheckCalories
  181 00000054 F5B9 7FFA       CMP              R9, #500
  182 00000058 DB00            BLT              UpdateCounter
  183 0000005A E001            B                NextDay
  184 0000005C         UpdateCounter
  185 0000005C F10B 0B01       ADD              R11, R11, #1
  186 00000060         NextDay
  187 00000060 F101 0101       ADD              R1, R1, #1
  188 00000064 42B1            CMP              R1, R6
  189 00000066 DBD8            BLT              DayLoop
  190 00000068         
  191 00000068         EndProgram
  192 00000068         ; End of the program
  193 00000068 4770            BX               LR
  194 0000006A                 ENDP



ARM Macro Assembler    Page 29 


  195 0000006A         
  196 0000006A 4700            BX               R0
  197 0000006C                 ENDP
  198 0000006C 00000000 
              00000000 
              00000000         LTORG
  199 00000078 01 02 03 
              04 05 06 
              07       Days    DCB              0x01, 0x02, 0x03, 0x04, 0x05, 0
x06, 0x07
  200 0000007F 00 00000006 
              00000514 
              00000003 
              000006A4 
              00000002 
              000004B0 
              00000004 
              0000076C Calories_food
                               DCD              0x06, 1300, 0x03, 1700, 0x02, 1
200, 0x04, 1900
  201 000000A0 00000005 
              00000456 
              00000001 
              00000686 
              00000007 
              000003E8         DCD              0x05, 1110, 0x01, 1670, 0x07, 1
000
  202 000000B8 00000002 
              000001F4 
              00000005 
              00000320 
              00000006 
              00000190 Calories_sport
                               DCD              0x02, 500, 0x05, 800, 0x06, 400
  203 000000D0 07      Num_days
                               DCB              7
  204 000000D1 03      Num_days_sport
                               DCB              3
  205 000000D2         ;myspace   SPACE 32
  206 000000D2         
  207 000000D2         
  208 000000D2         ; Dummy Exception Handlers (infinite loops which can be 
                       modified)
  209 000000D2         
  210 000000D2         NMI_Handler
                               PROC
  211 000000D2                 EXPORT           NMI_Handler               [WEAK
]
  212 000000D2 E7FE            B                .
  213 000000D4                 ENDP
  215 000000D4         HardFault_Handler
                               PROC
  216 000000D4                 EXPORT           HardFault_Handler         [WEAK
]
  217 000000D4 E7FE            B                .
  218 000000D6                 ENDP
  220 000000D6         MemManage_Handler
                               PROC
  221 000000D6                 EXPORT           MemManage_Handler         [WEAK



ARM Macro Assembler    Page 30 


]
  222 000000D6 E7FE            B                .
  223 000000D8                 ENDP
  225 000000D8         BusFault_Handler
                               PROC
  226 000000D8                 EXPORT           BusFault_Handler          [WEAK
]
  227 000000D8 E7FE            B                .
  228 000000DA                 ENDP
  230 000000DA         UsageFault_Handler
                               PROC
  231 000000DA                 EXPORT           UsageFault_Handler        [WEAK
]
  232 000000DA E7FE            B                .
  233 000000DC                 ENDP
  234 000000DC         SVC_Handler
                               PROC
  235 000000DC                 EXPORT           SVC_Handler               [WEAK
]
  236 000000DC E7FE            B                .
  237 000000DE                 ENDP
  239 000000DE         DebugMon_Handler
                               PROC
  240 000000DE                 EXPORT           DebugMon_Handler          [WEAK
]
  241 000000DE E7FE            B                .
  242 000000E0                 ENDP
  243 000000E0         PendSV_Handler
                               PROC
  244 000000E0                 EXPORT           PendSV_Handler            [WEAK
]
  245 000000E0 E7FE            B                .
  246 000000E2                 ENDP
  247 000000E2         SysTick_Handler
                               PROC
  248 000000E2                 EXPORT           SysTick_Handler           [WEAK
]
  249 000000E2 E7FE            B                .
  250 000000E4                 ENDP
  251 000000E4         
  252 000000E4         Default_Handler
                               PROC
  253 000000E4         
  254 000000E4                 EXPORT           WDT_IRQHandler            [WEAK
]
  255 000000E4                 EXPORT           TIMER0_IRQHandler         [WEAK
]
  256 000000E4                 EXPORT           TIMER1_IRQHandler         [WEAK
]
  257 000000E4                 EXPORT           TIMER2_IRQHandler         [WEAK
]
  258 000000E4                 EXPORT           TIMER3_IRQHandler         [WEAK
]
  259 000000E4                 EXPORT           UART0_IRQHandler          [WEAK
]
  260 000000E4                 EXPORT           UART1_IRQHandler          [WEAK
]
  261 000000E4                 EXPORT           UART2_IRQHandler          [WEAK
]



ARM Macro Assembler    Page 31 


  262 000000E4                 EXPORT           UART3_IRQHandler          [WEAK
]
  263 000000E4                 EXPORT           PWM1_IRQHandler           [WEAK
]
  264 000000E4                 EXPORT           I2C0_IRQHandler           [WEAK
]
  265 000000E4                 EXPORT           I2C1_IRQHandler           [WEAK
]
  266 000000E4                 EXPORT           I2C2_IRQHandler           [WEAK
]
  267 000000E4                 EXPORT           SPI_IRQHandler            [WEAK
]
  268 000000E4                 EXPORT           SSP0_IRQHandler           [WEAK
]
  269 000000E4                 EXPORT           SSP1_IRQHandler           [WEAK
]
  270 000000E4                 EXPORT           PLL0_IRQHandler           [WEAK
]
  271 000000E4                 EXPORT           RTC_IRQHandler            [WEAK
]
  272 000000E4                 EXPORT           EINT0_IRQHandler          [WEAK
]
  273 000000E4                 EXPORT           EINT1_IRQHandler          [WEAK
]
  274 000000E4                 EXPORT           EINT2_IRQHandler          [WEAK
]
  275 000000E4                 EXPORT           EINT3_IRQHandler          [WEAK
]
  276 000000E4                 EXPORT           ADC_IRQHandler            [WEAK
]
  277 000000E4                 EXPORT           BOD_IRQHandler            [WEAK
]
  278 000000E4                 EXPORT           USB_IRQHandler            [WEAK
]
  279 000000E4                 EXPORT           CAN_IRQHandler            [WEAK
]
  280 000000E4                 EXPORT           DMA_IRQHandler            [WEAK
]
  281 000000E4                 EXPORT           I2S_IRQHandler            [WEAK
]
  282 000000E4                 EXPORT           ENET_IRQHandler           [WEAK
]
  283 000000E4                 EXPORT           RIT_IRQHandler            [WEAK
]
  284 000000E4                 EXPORT           MCPWM_IRQHandler          [WEAK
]
  285 000000E4                 EXPORT           QEI_IRQHandler            [WEAK
]
  286 000000E4                 EXPORT           PLL1_IRQHandler           [WEAK
]
  287 000000E4                 EXPORT           USBActivity_IRQHandler    [WEAK
]
  288 000000E4                 EXPORT           CANActivity_IRQHandler    [WEAK
]
  289 000000E4         
  290 000000E4         WDT_IRQHandler
  291 000000E4         TIMER0_IRQHandler
  292 000000E4         TIMER1_IRQHandler
  293 000000E4         TIMER2_IRQHandler



ARM Macro Assembler    Page 32 


  294 000000E4         TIMER3_IRQHandler
  295 000000E4         UART0_IRQHandler
  296 000000E4         UART1_IRQHandler
  297 000000E4         UART2_IRQHandler
  298 000000E4         UART3_IRQHandler
  299 000000E4         PWM1_IRQHandler
  300 000000E4         I2C0_IRQHandler
  301 000000E4         I2C1_IRQHandler
  302 000000E4         I2C2_IRQHandler
  303 000000E4         SPI_IRQHandler
  304 000000E4         SSP0_IRQHandler
  305 000000E4         SSP1_IRQHandler
  306 000000E4         PLL0_IRQHandler
  307 000000E4         RTC_IRQHandler
  308 000000E4         EINT0_IRQHandler
  309 000000E4         EINT1_IRQHandler
  310 000000E4         EINT2_IRQHandler
  311 000000E4         EINT3_IRQHandler
  312 000000E4         ADC_IRQHandler
  313 000000E4         BOD_IRQHandler
  314 000000E4         USB_IRQHandler
  315 000000E4         CAN_IRQHandler
  316 000000E4         DMA_IRQHandler
  317 000000E4         I2S_IRQHandler
  318 000000E4         ENET_IRQHandler
  319 000000E4         RIT_IRQHandler
  320 000000E4         MCPWM_IRQHandler
  321 000000E4         QEI_IRQHandler
  322 000000E4         PLL1_IRQHandler
  323 000000E4         USBActivity_IRQHandler
  324 000000E4         CANActivity_IRQHandler
  325 000000E4         
  326 000000E4 E7FE            B                .
  327 000000E6         
  328 000000E6                 ENDP
  329 000000E6         
  330 000000E6         
  331 000000E6 00 00           ALIGN
  332 000000E8         
  333 000000E8         
  334 000000E8         ; User Initial Stack & Heap
  335 000000E8         
  336 000000E8                 EXPORT           __initial_sp
  337 000000E8                 EXPORT           __heap_base
  338 000000E8                 EXPORT           __heap_limit
  339 000000E8         
  340 000000E8                 END
Command Line: --debug --xref --diag_suppress=9931 --cpu=Cortex-M3 --apcs=interw
ork --depend=.\startup.d -o.\startup.o -I.\RTE\_Target_1 -IC:\Users\filip\AppDa
ta\Local\Arm\Packs\ARM\CMSIS\5.8.0\CMSIS\Core\Include -IC:\Users\filip\AppData\
Local\Arm\Packs\Keil\LPC1700_DFP\2.7.1\Device\Include --predefine="__EVAL SETA 
1" --predefine="__UVISION_VERSION SETA 536" --predefine="_RTE_ SETA 1" --predef
ine="LPC175x_6x SETA 1" --predefine="_RTE_ SETA 1" --list=.\startup.lst startup
.s



ARM Macro Assembler    Page 1 Alphabetic symbol ordering
Relocatable symbols

STACK 00000000

Symbol: STACK
   Definitions
      At line 33 in file startup.s
   Uses
      None
Comment: STACK unused
Stack_Mem 00000000

Symbol: Stack_Mem
   Definitions
      At line 34 in file startup.s
   Uses
      None
Comment: Stack_Mem unused
__initial_sp 00000200

Symbol: __initial_sp
   Definitions
      At line 35 in file startup.s
   Uses
      At line 59 in file startup.s
      At line 336 in file startup.s

3 symbols



ARM Macro Assembler    Page 1 Alphabetic symbol ordering
Relocatable symbols

HEAP 00000000

Symbol: HEAP
   Definitions
      At line 44 in file startup.s
   Uses
      None
Comment: HEAP unused
Heap_Mem 00000000

Symbol: Heap_Mem
   Definitions
      At line 46 in file startup.s
   Uses
      None
Comment: Heap_Mem unused
__heap_base 00000000

Symbol: __heap_base
   Definitions
      At line 45 in file startup.s
   Uses
      At line 337 in file startup.s
Comment: __heap_base used once
__heap_limit 00000000

Symbol: __heap_limit
   Definitions
      At line 47 in file startup.s
   Uses
      At line 338 in file startup.s
Comment: __heap_limit used once
4 symbols



ARM Macro Assembler    Page 1 Alphabetic symbol ordering
Relocatable symbols

RESET 00000000

Symbol: RESET
   Definitions
      At line 56 in file startup.s
   Uses
      None
Comment: RESET unused
__Vectors 00000000

Symbol: __Vectors
   Definitions
      At line 59 in file startup.s
   Uses
      At line 57 in file startup.s
Comment: __Vectors used once
2 symbols



ARM Macro Assembler    Page 1 Alphabetic symbol ordering
Relocatable symbols

.ARM.__at_0x02FC 00000000

Symbol: .ARM.__at_0x02FC
   Definitions
      At line 115 in file startup.s
   Uses
      None
Comment: .ARM.__at_0x02FC unused
CRP_Key 00000000

Symbol: CRP_Key
   Definitions
      At line 116 in file startup.s
   Uses
      None
Comment: CRP_Key unused
2 symbols



ARM Macro Assembler    Page 1 Alphabetic symbol ordering
Relocatable symbols

dati 00000000

Symbol: dati
   Definitions
      At line 120 in file startup.s
   Uses
      None
Comment: dati unused
myspace 00000000

Symbol: myspace
   Definitions
      At line 121 in file startup.s
   Uses
      None
Comment: myspace unused
2 symbols



ARM Macro Assembler    Page 1 Alphabetic symbol ordering
Relocatable symbols

.text 00000000

Symbol: .text
   Definitions
      At line 125 in file startup.s
   Uses
      None
Comment: .text unused
ADC_IRQHandler 000000E4

Symbol: ADC_IRQHandler
   Definitions
      At line 312 in file startup.s
   Uses
      At line 99 in file startup.s
      At line 276 in file startup.s

BOD_IRQHandler 000000E4

Symbol: BOD_IRQHandler
   Definitions
      At line 313 in file startup.s
   Uses
      At line 100 in file startup.s
      At line 277 in file startup.s

BusFault_Handler 000000D8

Symbol: BusFault_Handler
   Definitions
      At line 225 in file startup.s
   Uses
      At line 64 in file startup.s
      At line 226 in file startup.s

CANActivity_IRQHandler 000000E4

Symbol: CANActivity_IRQHandler
   Definitions
      At line 324 in file startup.s
   Uses
      At line 111 in file startup.s
      At line 288 in file startup.s

CAN_IRQHandler 000000E4

Symbol: CAN_IRQHandler
   Definitions
      At line 315 in file startup.s
   Uses
      At line 102 in file startup.s
      At line 279 in file startup.s

Calories_food 00000080

Symbol: Calories_food
   Definitions
      At line 200 in file startup.s
   Uses



ARM Macro Assembler    Page 2 Alphabetic symbol ordering
Relocatable symbols

      At line 136 in file startup.s
Comment: Calories_food used once
Calories_sport 000000B8

Symbol: Calories_sport
   Definitions
      At line 202 in file startup.s
   Uses
      At line 137 in file startup.s
Comment: Calories_sport used once
CheckCalories 00000054

Symbol: CheckCalories
   Definitions
      At line 180 in file startup.s
   Uses
      At line 175 in file startup.s
Comment: CheckCalories used once
DMA_IRQHandler 000000E4

Symbol: DMA_IRQHandler
   Definitions
      At line 316 in file startup.s
   Uses
      At line 103 in file startup.s
      At line 280 in file startup.s

DayLoop 0000001A

Symbol: DayLoop
   Definitions
      At line 143 in file startup.s
   Uses
      At line 189 in file startup.s
Comment: DayLoop used once
Days 00000078

Symbol: Days
   Definitions
      At line 199 in file startup.s
   Uses
      None
Comment: Days unused
DebugMon_Handler 000000DE

Symbol: DebugMon_Handler
   Definitions
      At line 239 in file startup.s
   Uses
      At line 71 in file startup.s
      At line 240 in file startup.s

Default_Handler 000000E4

Symbol: Default_Handler
   Definitions
      At line 252 in file startup.s
   Uses
      None



ARM Macro Assembler    Page 3 Alphabetic symbol ordering
Relocatable symbols

Comment: Default_Handler unused
EINT0_IRQHandler 000000E4

Symbol: EINT0_IRQHandler
   Definitions
      At line 308 in file startup.s
   Uses
      At line 95 in file startup.s
      At line 272 in file startup.s

EINT1_IRQHandler 000000E4

Symbol: EINT1_IRQHandler
   Definitions
      At line 309 in file startup.s
   Uses
      At line 96 in file startup.s
      At line 273 in file startup.s

EINT2_IRQHandler 000000E4

Symbol: EINT2_IRQHandler
   Definitions
      At line 310 in file startup.s
   Uses
      At line 97 in file startup.s
      At line 274 in file startup.s

EINT3_IRQHandler 000000E4

Symbol: EINT3_IRQHandler
   Definitions
      At line 311 in file startup.s
   Uses
      At line 98 in file startup.s
      At line 275 in file startup.s

ENET_IRQHandler 000000E4

Symbol: ENET_IRQHandler
   Definitions
      At line 318 in file startup.s
   Uses
      At line 105 in file startup.s
      At line 282 in file startup.s

EndProgram 00000068

Symbol: EndProgram
   Definitions
      At line 191 in file startup.s
   Uses
      None
Comment: EndProgram unused
HardFault_Handler 000000D4

Symbol: HardFault_Handler
   Definitions
      At line 215 in file startup.s



ARM Macro Assembler    Page 4 Alphabetic symbol ordering
Relocatable symbols

   Uses
      At line 62 in file startup.s
      At line 216 in file startup.s

I2C0_IRQHandler 000000E4

Symbol: I2C0_IRQHandler
   Definitions
      At line 300 in file startup.s
   Uses
      At line 87 in file startup.s
      At line 264 in file startup.s

I2C1_IRQHandler 000000E4

Symbol: I2C1_IRQHandler
   Definitions
      At line 301 in file startup.s
   Uses
      At line 88 in file startup.s
      At line 265 in file startup.s

I2C2_IRQHandler 000000E4

Symbol: I2C2_IRQHandler
   Definitions
      At line 302 in file startup.s
   Uses
      At line 89 in file startup.s
      At line 266 in file startup.s

I2S_IRQHandler 000000E4

Symbol: I2S_IRQHandler
   Definitions
      At line 317 in file startup.s
   Uses
      At line 104 in file startup.s
      At line 281 in file startup.s

MCPWM_IRQHandler 000000E4

Symbol: MCPWM_IRQHandler
   Definitions
      At line 320 in file startup.s
   Uses
      At line 107 in file startup.s
      At line 284 in file startup.s

MemManage_Handler 000000D6

Symbol: MemManage_Handler
   Definitions
      At line 220 in file startup.s
   Uses
      At line 63 in file startup.s
      At line 221 in file startup.s

NMI_Handler 000000D2



ARM Macro Assembler    Page 5 Alphabetic symbol ordering
Relocatable symbols


Symbol: NMI_Handler
   Definitions
      At line 210 in file startup.s
   Uses
      At line 61 in file startup.s
      At line 211 in file startup.s

NextDay 00000060

Symbol: NextDay
   Definitions
      At line 186 in file startup.s
   Uses
      At line 166 in file startup.s
      At line 183 in file startup.s

NextSportDay 0000004E

Symbol: NextSportDay
   Definitions
      At line 177 in file startup.s
   Uses
      At line 169 in file startup.s
Comment: NextSportDay used once
NoSportCalories 0000004E

Symbol: NoSportCalories
   Definitions
      At line 176 in file startup.s
   Uses
      None
Comment: NoSportCalories unused
Num_days 000000D0

Symbol: Num_days
   Definitions
      At line 203 in file startup.s
   Uses
      At line 138 in file startup.s
Comment: Num_days used once
Num_days_sport 000000D1

Symbol: Num_days_sport
   Definitions
      At line 204 in file startup.s
   Uses
      At line 139 in file startup.s
Comment: Num_days_sport used once
PLL0_IRQHandler 000000E4

Symbol: PLL0_IRQHandler
   Definitions
      At line 306 in file startup.s
   Uses
      At line 93 in file startup.s
      At line 270 in file startup.s

PLL1_IRQHandler 000000E4



ARM Macro Assembler    Page 6 Alphabetic symbol ordering
Relocatable symbols


Symbol: PLL1_IRQHandler
   Definitions
      At line 322 in file startup.s
   Uses
      At line 109 in file startup.s
      At line 286 in file startup.s

PWM1_IRQHandler 000000E4

Symbol: PWM1_IRQHandler
   Definitions
      At line 299 in file startup.s
   Uses
      At line 86 in file startup.s
      At line 263 in file startup.s

PendSV_Handler 000000E0

Symbol: PendSV_Handler
   Definitions
      At line 243 in file startup.s
   Uses
      At line 73 in file startup.s
      At line 244 in file startup.s

QEI_IRQHandler 000000E4

Symbol: QEI_IRQHandler
   Definitions
      At line 321 in file startup.s
   Uses
      At line 108 in file startup.s
      At line 285 in file startup.s

RIT_IRQHandler 000000E4

Symbol: RIT_IRQHandler
   Definitions
      At line 319 in file startup.s
   Uses
      At line 106 in file startup.s
      At line 283 in file startup.s

RTC_IRQHandler 000000E4

Symbol: RTC_IRQHandler
   Definitions
      At line 307 in file startup.s
   Uses
      At line 94 in file startup.s
      At line 271 in file startup.s

Reset_Handler 00000000

Symbol: Reset_Handler
   Definitions
      At line 130 in file startup.s
   Uses



ARM Macro Assembler    Page 7 Alphabetic symbol ordering
Relocatable symbols

      At line 60 in file startup.s
      At line 131 in file startup.s
      At line 132 in file startup.s

SPI_IRQHandler 000000E4

Symbol: SPI_IRQHandler
   Definitions
      At line 303 in file startup.s
   Uses
      At line 90 in file startup.s
      At line 267 in file startup.s

SSP0_IRQHandler 000000E4

Symbol: SSP0_IRQHandler
   Definitions
      At line 304 in file startup.s
   Uses
      At line 91 in file startup.s
      At line 268 in file startup.s

SSP1_IRQHandler 000000E4

Symbol: SSP1_IRQHandler
   Definitions
      At line 305 in file startup.s
   Uses
      At line 92 in file startup.s
      At line 269 in file startup.s

SVC_Handler 000000DC

Symbol: SVC_Handler
   Definitions
      At line 234 in file startup.s
   Uses
      At line 70 in file startup.s
      At line 235 in file startup.s

SportLoop 00000030

Symbol: SportLoop
   Definitions
      At line 164 in file startup.s
   Uses
      At line 179 in file startup.s
Comment: SportLoop used once
SysTick_Handler 000000E2

Symbol: SysTick_Handler
   Definitions
      At line 247 in file startup.s
   Uses
      At line 74 in file startup.s
      At line 248 in file startup.s

TIMER0_IRQHandler 000000E4




ARM Macro Assembler    Page 8 Alphabetic symbol ordering
Relocatable symbols

Symbol: TIMER0_IRQHandler
   Definitions
      At line 291 in file startup.s
   Uses
      At line 78 in file startup.s
      At line 255 in file startup.s

TIMER1_IRQHandler 000000E4

Symbol: TIMER1_IRQHandler
   Definitions
      At line 292 in file startup.s
   Uses
      At line 79 in file startup.s
      At line 256 in file startup.s

TIMER2_IRQHandler 000000E4

Symbol: TIMER2_IRQHandler
   Definitions
      At line 293 in file startup.s
   Uses
      At line 80 in file startup.s
      At line 257 in file startup.s

TIMER3_IRQHandler 000000E4

Symbol: TIMER3_IRQHandler
   Definitions
      At line 294 in file startup.s
   Uses
      At line 81 in file startup.s
      At line 258 in file startup.s

UART0_IRQHandler 000000E4

Symbol: UART0_IRQHandler
   Definitions
      At line 295 in file startup.s
   Uses
      At line 82 in file startup.s
      At line 259 in file startup.s

UART1_IRQHandler 000000E4

Symbol: UART1_IRQHandler
   Definitions
      At line 296 in file startup.s
   Uses
      At line 83 in file startup.s
      At line 260 in file startup.s

UART2_IRQHandler 000000E4

Symbol: UART2_IRQHandler
   Definitions
      At line 297 in file startup.s
   Uses
      At line 84 in file startup.s



ARM Macro Assembler    Page 9 Alphabetic symbol ordering
Relocatable symbols

      At line 261 in file startup.s

UART3_IRQHandler 000000E4

Symbol: UART3_IRQHandler
   Definitions
      At line 298 in file startup.s
   Uses
      At line 85 in file startup.s
      At line 262 in file startup.s

USBActivity_IRQHandler 000000E4

Symbol: USBActivity_IRQHandler
   Definitions
      At line 323 in file startup.s
   Uses
      At line 110 in file startup.s
      At line 287 in file startup.s

USB_IRQHandler 000000E4

Symbol: USB_IRQHandler
   Definitions
      At line 314 in file startup.s
   Uses
      At line 101 in file startup.s
      At line 278 in file startup.s

UpdateCounter 0000005C

Symbol: UpdateCounter
   Definitions
      At line 184 in file startup.s
   Uses
      At line 182 in file startup.s
Comment: UpdateCounter used once
UsageFault_Handler 000000DA

Symbol: UsageFault_Handler
   Definitions
      At line 230 in file startup.s
   Uses
      At line 65 in file startup.s
      At line 231 in file startup.s

WDT_IRQHandler 000000E4

Symbol: WDT_IRQHandler
   Definitions
      At line 290 in file startup.s
   Uses
      At line 77 in file startup.s
      At line 254 in file startup.s

60 symbols



ARM Macro Assembler    Page 1 Alphabetic symbol ordering
Absolute symbols

Heap_Size 00000000

Symbol: Heap_Size
   Definitions
      At line 42 in file startup.s
   Uses
      At line 46 in file startup.s
Comment: Heap_Size used once
Stack_Size 00000200

Symbol: Stack_Size
   Definitions
      At line 31 in file startup.s
   Uses
      At line 34 in file startup.s
Comment: Stack_Size used once
2 symbols
413 symbols in table
