


ARM Macro Assembler    Page 1 


    1 00000000         ;            Computer Architectures - 02LSEOV 02LSEOQ   
                                ;
    2 00000000         ; author:   Paolo BERNARDI - Politecnico di Torino      
                            ;
    3 00000000         ; creation:  11 November 2018         ;
    4 00000000         ; last update:  1 Dicember 2020         ;
    5 00000000         ; functionalities:             ;
    6 00000000         ;  nothing but bringing to the reset handler     ;
    7 00000000         
    8 00000000         ; *------- <<< Use Configuration Wizard in Context Menu 
                       >>> ------------------
    9 00000000         
   10 00000000         ; <h> Stack Configuration
   11 00000000         ;   <o> Stack Size (in Bytes) <0x0-0xFFFFFFFF:8>
   12 00000000         ; </h>
   13 00000000         
   14 00000000 00000200 
                       Stack_Size
                               EQU              0x00000200
   15 00000000         
   16 00000000                 AREA             STACK, NOINIT, READWRITE, ALIGN
=3
   17 00000000                 SPACE            Stack_Size/2
   18 00000100         Stack_Mem
                               SPACE            Stack_Size/2
   19 00000200         __initial_sp                         ; da il valore allo
                                                             stack pointer di 0
                                                            x100000200
   20 00000200         
   21 00000200         
   22 00000200         
   23 00000200         
   24 00000200         ; <h> Heap Configuration
   25 00000200         ;   <o>  Heap Size (in Bytes) <0x0-0xFFFFFFFF:8>
   26 00000200         ; </h>
   27 00000200         
   28 00000200 00000200 
                       Heap_Size
                               EQU              0x00000200
   29 00000200         
   30 00000200                 AREA             HEAP, NOINIT, READWRITE, ALIGN=
3
   31 00000000         __heap_base
   32 00000000         Heap_Mem
                               SPACE            Heap_Size
   33 00000200         __heap_limit
   34 00000200         
   35 00000200         
   36 00000200                 PRESERVE8
   37 00000200                 THUMB
   38 00000200         
   39 00000200         
   40 00000200         ; Vector Table Mapped to Address 0 at Reset
   41 00000200         
   42 00000200                 AREA             RESET, DATA, READONLY
   43 00000000                 EXPORT           __Vectors
   44 00000000         ; 0x10000200
   45 00000000 00000000 
                       __Vectors



ARM Macro Assembler    Page 2 


                               DCD              __initial_sp ; Top of Stack
   46 00000004 00000000        DCD              Reset_Handler ; Reset Handler
   47 00000008 00000000        DCD              NMI_Handler ; NMI Handler
   48 0000000C 00000000        DCD              HardFault_Handler ; Hard Fault 
                                                            Handler
   49 00000010 00000000        DCD              MemManage_Handler 
                                                            ; MPU Fault Handler
                                                            
   50 00000014 00000000        DCD              BusFault_Handler 
                                                            ; Bus Fault Handler
                                                            
   51 00000018 00000000        DCD              UsageFault_Handler ; Usage Faul
                                                            t Handler
   52 0000001C 00000000        DCD              0           ; Reserved
   53 00000020 00000000        DCD              0           ; Reserved
   54 00000024 00000000        DCD              0           ; Reserved
   55 00000028 00000000        DCD              0           ; Reserved
   56 0000002C 00000000        DCD              SVC_Handler ; SVCall Handler
   57 00000030 00000000        DCD              DebugMon_Handler ; Debug Monito
                                                            r Handler
   58 00000034 00000000        DCD              0           ; Reserved
   59 00000038 00000000        DCD              PendSV_Handler ; PendSV Handler
                                                            
   60 0000003C 00000000        DCD              SysTick_Handler 
                                                            ; SysTick Handler
   61 00000040         
   62 00000040         ; External Interrupts
   63 00000040 00000000        DCD              WDT_IRQHandler ; 16: Watchdog T
                                                            imer
   64 00000044 00000000        DCD              TIMER0_IRQHandler ; 17: Timer0
   65 00000048 00000000        DCD              TIMER1_IRQHandler ; 18: Timer1
   66 0000004C 00000000        DCD              TIMER2_IRQHandler ; 19: Timer2
   67 00000050 00000000        DCD              TIMER3_IRQHandler ; 20: Timer3
   68 00000054 00000000        DCD              UART0_IRQHandler ; 21: UART0
   69 00000058 00000000        DCD              UART1_IRQHandler ; 22: UART1
   70 0000005C 00000000        DCD              UART2_IRQHandler ; 23: UART2
   71 00000060 00000000        DCD              UART3_IRQHandler ; 24: UART3
   72 00000064 00000000        DCD              PWM1_IRQHandler ; 25: PWM1
   73 00000068 00000000        DCD              I2C0_IRQHandler ; 26: I2C0
   74 0000006C 00000000        DCD              I2C1_IRQHandler ; 27: I2C1
   75 00000070 00000000        DCD              I2C2_IRQHandler ; 28: I2C2
   76 00000074 00000000        DCD              SPI_IRQHandler ; 29: SPI
   77 00000078 00000000        DCD              SSP0_IRQHandler ; 30: SSP0
   78 0000007C 00000000        DCD              SSP1_IRQHandler ; 31: SSP1
   79 00000080 00000000        DCD              PLL0_IRQHandler ; 32: PLL0 Lock
                                                             (Main PLL)
   80 00000084 00000000        DCD              RTC_IRQHandler ; 33: Real Time 
                                                            Clock
   81 00000088 00000000        DCD              EINT0_IRQHandler ; 34: External
                                                             Interrupt 0
   82 0000008C 00000000        DCD              EINT1_IRQHandler ; 35: External
                                                             Interrupt 1
   83 00000090 00000000        DCD              EINT2_IRQHandler ; 36: External
                                                             Interrupt 2
   84 00000094 00000000        DCD              EINT3_IRQHandler ; 37: External
                                                             Interrupt 3
   85 00000098 00000000        DCD              ADC_IRQHandler 
                                                            ; 38: A/D Converter
                                                            



ARM Macro Assembler    Page 3 


   86 0000009C 00000000        DCD              BOD_IRQHandler ; 39: Brown-Out 
                                                            Detect
   87 000000A0 00000000        DCD              USB_IRQHandler ; 40: USB
   88 000000A4 00000000        DCD              CAN_IRQHandler ; 41: CAN
   89 000000A8 00000000        DCD              DMA_IRQHandler ; 42: General Pu
                                                            rpose DMA
   90 000000AC 00000000        DCD              I2S_IRQHandler ; 43: I2S
   91 000000B0 00000000        DCD              ENET_IRQHandler ; 44: Ethernet
   92 000000B4 00000000        DCD              RIT_IRQHandler ; 45: Repetitive
                                                             Interrupt Timer
   93 000000B8 00000000        DCD              MCPWM_IRQHandler ; 46: Motor Co
                                                            ntrol PWM
   94 000000BC 00000000        DCD              QEI_IRQHandler ; 47: Quadrature
                                                             Encoder Interface
   95 000000C0 00000000        DCD              PLL1_IRQHandler ; 48: PLL1 Lock
                                                             (USB PLL)
   96 000000C4 00000000        DCD              USBActivity_IRQHandler ; 49: US
                                                            B Activity interrup
                                                            t to wakeup
   97 000000C8 00000000        DCD              CANActivity_IRQHandler ; 50: CA
                                                            N Activity interrup
                                                            t to wakeup
   98 000000CC         
   99 000000CC         
  100 000000CC                 IF               :LNOT::DEF:NO_CRP
  101 000000CC                 AREA             |.ARM.__at_0x02FC|, CODE, READO
NLY
  102 00000000 FFFFFFFF 
                       CRP_Key DCD              0xFFFFFFFF
  103 00000004                 ENDIF
  104 00000004         
  105 00000004         
  106 00000004                 AREA             |.text|, CODE, READONLY
  107 00000000         
  108 00000000         
  109 00000000         ; Reset Handler
  110 00000000         
  111 00000000         Reset_Handler
                               PROC
  112 00000000                 EXPORT           Reset_Handler             [WEAK
]
  113 00000000         
  114 00000000         ; your code here
  115 00000000         
  116 00000000 F04F 0003       MOV              R0, #3
  117 00000004 F380 8814       MSR              CONTROL, R0 ;modifico il regist
                                                            ro di controllo
  118 00000008 F8DF D098       LDR              SP, =Stack_Mem
  119 0000000C         
  120 0000000C BF00            nop
  121 0000000E         
  122 0000000E         ;SVC  0x10 ;0x000000DA
  123 0000000E F04F 0407       mov              r4, #7
  124 00000012 DF04            SVC              0x04        ;RESET R0, 0x01 RES
                                                            ET R1 e così via
  125 00000014 DF0A            SVC              0x0A        ;NOP
  126 00000016 DF42            SVC              0x42        ;MEMCPY
  127 00000018         
  128 00000018 E7FE    InfLoop B                InfLoop



ARM Macro Assembler    Page 4 


  129 0000001A                 ENDP
  130 0000001A         
  131 0000001A         
  132 0000001A         ; Dummy Exception Handlers (infinite loops which can be 
                       modified)
  133 0000001A         
  134 0000001A         NMI_Handler
                               PROC
  135 0000001A                 EXPORT           NMI_Handler               [WEAK
]
  136 0000001A E7FE            B                .
  137 0000001C                 ENDP
  139 0000001C         HardFault_Handler
                               PROC
  140 0000001C                 EXPORT           HardFault_Handler         [WEAK
]
  141 0000001C E7FE            B                .
  142 0000001E                 ENDP
  144 0000001E         MemManage_Handler
                               PROC
  145 0000001E                 EXPORT           MemManage_Handler         [WEAK
]
  146 0000001E E7FE            B                .
  147 00000020                 ENDP
  149 00000020         BusFault_Handler
                               PROC
  150 00000020                 EXPORT           BusFault_Handler          [WEAK
]
  151 00000020 E7FE            B                .
  152 00000022                 ENDP
  154 00000022         UsageFault_Handler
                               PROC
  155 00000022                 EXPORT           UsageFault_Handler        [WEAK
]
  156 00000022 E7FE            B                .
  157 00000024                 ENDP
  158 00000024         SVC_Handler
                               PROC
  159 00000024                 EXPORT           SVC_Handler               [WEAK
]
  160 00000024         
  161 00000024         
  162 00000024 E92D 5FFF       STMFD            SP!, {R0-R12, LR} ;facciamo la 
                                                            push per salvare il
                                                             valore dei registr
                                                            i, faccio una push 
                                                            dove aggiorno il va
                                                            lore dello stak poi
                                                            nter e salvo i valo
                                                            ri dei registri
  163 00000028 F3EF 8109       MRS              R1, psp     ;devo recuperare il
                                                             valore del pc che 
                                                            è nell altro stack 
                                                            (process stack poin
                                                            ter)
  164 0000002C 6988            LDR              R0, [R1, #24] ;0x000000DC ;facc
                                                            io la cosa delle sl
                                                            ide per andare a rp
                                                            endere il valore de



ARM Macro Assembler    Page 5 


                                                            l pc
  165 0000002E F850 0C04       LDR              R0, [R0,#-4] ;0x000000D8
  166 00000032 F020 407F       BIC              R0, #0xFF000000
  167 00000036 EA4F 4010       LSR              R0, #16     ;mi prende il valor
                                                            e della chiamata a 
                                                            svc, quindi se facc
                                                            io svc 0x04 in r0 c
                                                            i sarà 4
  168 0000003A         ; your code here
  169 0000003A         ;cmp r0, 0x10;questo check dovra essere fatto con divers
                       i valori nell esercitazione, perche l importante è capir
                       e da dove si arriva per sapere cosa fare
  170 0000003A         ;bne uscita
  171 0000003A         ;nop
  172 0000003A 2807            CMP              R0, #7      ;se minore uguale a
                                                            llora siamo nel res
                                                            et
  173 0000003C DD03            BLE              Handle_Reset
  174 0000003E         ;CMP R0,#15 ;vede se è minore di 15, forse va tolta perc
                       he non fa niente 
  175 0000003E 283F            CMP              R0, #63     ;controlla anche ch
                                                            e sia minore di 128
                                                            
  176 00000040 D81C            BHI              Handle_MEMCPY
  177 00000042         
  178 00000042         ;NOP
  179 00000042 BF00            nop
  180 00000044 E027            B                uscita
  181 00000046         
  182 00000046         Handle_Reset
  183 00000046         ;MOV R1, #0
  184 00000046         ;STR R3, [SP, R2, LSL #2]
  185 00000046         
  186 00000046 F010 0007       ANDS             R0, R0, #7  ; Mask to get the r
                                                            egister number (0-7
                                                            )
  187 0000004A 2800            CMP              R0, #0
  188 0000004C BF08 2000       MOVEQ            R0, #0      ; se r0 era nella c
                                                            hiamata allora verr
                                                            à resettato
  189 00000050 2801            CMP              R0, #1
  190 00000052 BF08 2100       MOVEQ            R1, #0
  191 00000056 2802            CMP              R0, #2
  192 00000058 BF08 2200       MOVEQ            R2, #0
  193 0000005C 2803            CMP              R0, #3
  194 0000005E BF08 2300       MOVEQ            R3, #0
  195 00000062 2804            CMP              R0, #4
  196 00000064 BF08 2400       MOVEQ            R4, #0
  197 00000068 2805            CMP              R0, #5
  198 0000006A BF08 2500       MOVEQ            R5, #0
  199 0000006E 2806            CMP              R0, #6
  200 00000070 BF08 2600       MOVEQ            R6, #0
  201 00000074 2807            CMP              R0, #7
  202 00000076 BF08 2700       MOVEQ            R7, #0
  203 0000007A E00C            B                uscita
  204 0000007C         
  205 0000007C         Handle_MEMCPY
  206 0000007C F000 003F       AND              R0, R0, 0x3F ; cosi estraiamo i
                                                             6 lsb per il numer



ARM Macro Assembler    Page 6 


                                                            o da spostare
  207 00000080 9901            LDR              R1, [SP, #4] ;carico source add
                                                            ress
  208 00000082 9A02            LDR              R2, [SP, #8] ;carico destinatio
                                                            n address
  209 00000084 4603            MOV              R3,R0       ;counter per numero
                                                             di bit da spostare
                                                            
  210 00000086         
  211 00000086         
  212 00000086         
  213 00000086         MEMCPY_Loop
  214 00000086 2B00            CMP              R3, #0
  215 00000088 D005            BEQ              End_MEMCPY
  216 0000008A F811 4B01       LDRB             R4, [R1], #1 ;carico dal source
                                                             e increment source
                                                             register
  217 0000008E F802 4B01       STRB             R4, [R2], #1 ;store nel destina
                                                            tion e incremento d
                                                            estination register
                                                            
  218 00000092 1E5B            SUBS             R3, R3, #1  ; decremento di 1 p
                                                            er capire poi nella
                                                             CMP se ho finito
  219 00000094 E7F7            B                MEMCPY_Loop
  220 00000096         
  221 00000096         
  222 00000096         End_MEMCPY
  223 00000096         
  224 00000096 E8BD 5FFF 
                       uscita  LDMFD            SP!, {R0-R12, LR} ;ripristiniam
                                                            o lo stack
  225 0000009A 4770            BX               LR
  226 0000009C         
  227 0000009C                 ENDP
  229 0000009C         DebugMon_Handler
                               PROC
  230 0000009C                 EXPORT           DebugMon_Handler          [WEAK
]
  231 0000009C E7FE            B                .
  232 0000009E                 ENDP
  233 0000009E         PendSV_Handler
                               PROC
  234 0000009E                 EXPORT           PendSV_Handler            [WEAK
]
  235 0000009E E7FE            B                .
  236 000000A0                 ENDP
  237 000000A0         SysTick_Handler
                               PROC
  238 000000A0                 EXPORT           SysTick_Handler           [WEAK
]
  239 000000A0 E7FE            B                .
  240 000000A2                 ENDP
  241 000000A2         
  242 000000A2         Default_Handler
                               PROC
  243 000000A2         
  244 000000A2                 EXPORT           WDT_IRQHandler            [WEAK
]



ARM Macro Assembler    Page 7 


  245 000000A2                 EXPORT           TIMER0_IRQHandler         [WEAK
]
  246 000000A2                 EXPORT           TIMER1_IRQHandler         [WEAK
]
  247 000000A2                 EXPORT           TIMER2_IRQHandler         [WEAK
]
  248 000000A2                 EXPORT           TIMER3_IRQHandler         [WEAK
]
  249 000000A2                 EXPORT           UART0_IRQHandler          [WEAK
]
  250 000000A2                 EXPORT           UART1_IRQHandler          [WEAK
]
  251 000000A2                 EXPORT           UART2_IRQHandler          [WEAK
]
  252 000000A2                 EXPORT           UART3_IRQHandler          [WEAK
]
  253 000000A2                 EXPORT           PWM1_IRQHandler           [WEAK
]
  254 000000A2                 EXPORT           I2C0_IRQHandler           [WEAK
]
  255 000000A2                 EXPORT           I2C1_IRQHandler           [WEAK
]
  256 000000A2                 EXPORT           I2C2_IRQHandler           [WEAK
]
  257 000000A2                 EXPORT           SPI_IRQHandler            [WEAK
]
  258 000000A2                 EXPORT           SSP0_IRQHandler           [WEAK
]
  259 000000A2                 EXPORT           SSP1_IRQHandler           [WEAK
]
  260 000000A2                 EXPORT           PLL0_IRQHandler           [WEAK
]
  261 000000A2                 EXPORT           RTC_IRQHandler            [WEAK
]
  262 000000A2                 EXPORT           EINT0_IRQHandler          [WEAK
]
  263 000000A2                 EXPORT           EINT1_IRQHandler          [WEAK
]
  264 000000A2                 EXPORT           EINT2_IRQHandler          [WEAK
]
  265 000000A2                 EXPORT           EINT3_IRQHandler          [WEAK
]
  266 000000A2                 EXPORT           ADC_IRQHandler            [WEAK
]
  267 000000A2                 EXPORT           BOD_IRQHandler            [WEAK
]
  268 000000A2                 EXPORT           USB_IRQHandler            [WEAK
]
  269 000000A2                 EXPORT           CAN_IRQHandler            [WEAK
]
  270 000000A2                 EXPORT           DMA_IRQHandler            [WEAK
]
  271 000000A2                 EXPORT           I2S_IRQHandler            [WEAK
]
  272 000000A2                 EXPORT           ENET_IRQHandler           [WEAK
]
  273 000000A2                 EXPORT           RIT_IRQHandler            [WEAK
]
  274 000000A2                 EXPORT           MCPWM_IRQHandler          [WEAK



ARM Macro Assembler    Page 8 


]
  275 000000A2                 EXPORT           QEI_IRQHandler            [WEAK
]
  276 000000A2                 EXPORT           PLL1_IRQHandler           [WEAK
]
  277 000000A2                 EXPORT           USBActivity_IRQHandler    [WEAK
]
  278 000000A2                 EXPORT           CANActivity_IRQHandler    [WEAK
]
  279 000000A2         
  280 000000A2         WDT_IRQHandler
  281 000000A2         TIMER0_IRQHandler
  282 000000A2         TIMER1_IRQHandler
  283 000000A2         TIMER2_IRQHandler
  284 000000A2         TIMER3_IRQHandler
  285 000000A2         UART0_IRQHandler
  286 000000A2         UART1_IRQHandler
  287 000000A2         UART2_IRQHandler
  288 000000A2         UART3_IRQHandler
  289 000000A2         PWM1_IRQHandler
  290 000000A2         I2C0_IRQHandler
  291 000000A2         I2C1_IRQHandler
  292 000000A2         I2C2_IRQHandler
  293 000000A2         SPI_IRQHandler
  294 000000A2         SSP0_IRQHandler
  295 000000A2         SSP1_IRQHandler
  296 000000A2         PLL0_IRQHandler
  297 000000A2         RTC_IRQHandler
  298 000000A2         EINT0_IRQHandler
  299 000000A2         EINT1_IRQHandler
  300 000000A2         EINT2_IRQHandler
  301 000000A2         EINT3_IRQHandler
  302 000000A2         ADC_IRQHandler
  303 000000A2         BOD_IRQHandler
  304 000000A2         USB_IRQHandler
  305 000000A2         CAN_IRQHandler
  306 000000A2         DMA_IRQHandler
  307 000000A2         I2S_IRQHandler
  308 000000A2         ENET_IRQHandler
  309 000000A2         RIT_IRQHandler
  310 000000A2         MCPWM_IRQHandler
  311 000000A2         QEI_IRQHandler
  312 000000A2         PLL1_IRQHandler
  313 000000A2         USBActivity_IRQHandler
  314 000000A2         CANActivity_IRQHandler
  315 000000A2         
  316 000000A2 E7FE            B                .
  317 000000A4         
  318 000000A4                 ENDP
  319 000000A4         
  320 000000A4         
  321 000000A4                 ALIGN
  322 000000A4         
  323 000000A4         
  324 000000A4         ; User Initial Stack & Heap
  325 000000A4         
  326 000000A4                 EXPORT           __initial_sp
  327 000000A4                 EXPORT           __heap_base
  328 000000A4                 EXPORT           __heap_limit



ARM Macro Assembler    Page 9 


  329 000000A4         
  330 000000A4                 END
              00000000 
Command Line: --debug --xref --diag_suppress=9931 --cpu=Cortex-M3 --apcs=interw
ork --depend=.\template.d -o.\template.o -I.\RTE\_Target_1 -IC:\Users\filip\App
Data\Local\Arm\Packs\ARM\CMSIS\5.8.0\CMSIS\Core\Include -IC:\Users\filip\AppDat
a\Local\Arm\Packs\Keil\LPC1700_DFP\2.7.1\Device\Include --predefine="__EVAL SET
A 1" --predefine="__UVISION_VERSION SETA 536" --predefine="_RTE_ SETA 1" --pred
efine="LPC175x_6x SETA 1" --predefine="_RTE_ SETA 1" --list=.\template.lst temp
late.s



ARM Macro Assembler    Page 1 Alphabetic symbol ordering
Relocatable symbols

STACK 00000000

Symbol: STACK
   Definitions
      At line 16 in file template.s
   Uses
      None
Comment: STACK unused
Stack_Mem 00000100

Symbol: Stack_Mem
   Definitions
      At line 18 in file template.s
   Uses
      At line 118 in file template.s
Comment: Stack_Mem used once
__initial_sp 00000200

Symbol: __initial_sp
   Definitions
      At line 19 in file template.s
   Uses
      At line 45 in file template.s
      At line 326 in file template.s

3 symbols



ARM Macro Assembler    Page 1 Alphabetic symbol ordering
Relocatable symbols

HEAP 00000000

Symbol: HEAP
   Definitions
      At line 30 in file template.s
   Uses
      None
Comment: HEAP unused
Heap_Mem 00000000

Symbol: Heap_Mem
   Definitions
      At line 32 in file template.s
   Uses
      None
Comment: Heap_Mem unused
__heap_base 00000000

Symbol: __heap_base
   Definitions
      At line 31 in file template.s
   Uses
      At line 327 in file template.s
Comment: __heap_base used once
__heap_limit 00000200

Symbol: __heap_limit
   Definitions
      At line 33 in file template.s
   Uses
      At line 328 in file template.s
Comment: __heap_limit used once
4 symbols



ARM Macro Assembler    Page 1 Alphabetic symbol ordering
Relocatable symbols

RESET 00000000

Symbol: RESET
   Definitions
      At line 42 in file template.s
   Uses
      None
Comment: RESET unused
__Vectors 00000000

Symbol: __Vectors
   Definitions
      At line 45 in file template.s
   Uses
      At line 43 in file template.s
Comment: __Vectors used once
2 symbols



ARM Macro Assembler    Page 1 Alphabetic symbol ordering
Relocatable symbols

.ARM.__at_0x02FC 00000000

Symbol: .ARM.__at_0x02FC
   Definitions
      At line 101 in file template.s
   Uses
      None
Comment: .ARM.__at_0x02FC unused
CRP_Key 00000000

Symbol: CRP_Key
   Definitions
      At line 102 in file template.s
   Uses
      None
Comment: CRP_Key unused
2 symbols



ARM Macro Assembler    Page 1 Alphabetic symbol ordering
Relocatable symbols

.text 00000000

Symbol: .text
   Definitions
      At line 106 in file template.s
   Uses
      None
Comment: .text unused
ADC_IRQHandler 000000A2

Symbol: ADC_IRQHandler
   Definitions
      At line 302 in file template.s
   Uses
      At line 85 in file template.s
      At line 266 in file template.s

BOD_IRQHandler 000000A2

Symbol: BOD_IRQHandler
   Definitions
      At line 303 in file template.s
   Uses
      At line 86 in file template.s
      At line 267 in file template.s

BusFault_Handler 00000020

Symbol: BusFault_Handler
   Definitions
      At line 149 in file template.s
   Uses
      At line 50 in file template.s
      At line 150 in file template.s

CANActivity_IRQHandler 000000A2

Symbol: CANActivity_IRQHandler
   Definitions
      At line 314 in file template.s
   Uses
      At line 97 in file template.s
      At line 278 in file template.s

CAN_IRQHandler 000000A2

Symbol: CAN_IRQHandler
   Definitions
      At line 305 in file template.s
   Uses
      At line 88 in file template.s
      At line 269 in file template.s

DMA_IRQHandler 000000A2

Symbol: DMA_IRQHandler
   Definitions
      At line 306 in file template.s
   Uses



ARM Macro Assembler    Page 2 Alphabetic symbol ordering
Relocatable symbols

      At line 89 in file template.s
      At line 270 in file template.s

DebugMon_Handler 0000009C

Symbol: DebugMon_Handler
   Definitions
      At line 229 in file template.s
   Uses
      At line 57 in file template.s
      At line 230 in file template.s

Default_Handler 000000A2

Symbol: Default_Handler
   Definitions
      At line 242 in file template.s
   Uses
      None
Comment: Default_Handler unused
EINT0_IRQHandler 000000A2

Symbol: EINT0_IRQHandler
   Definitions
      At line 298 in file template.s
   Uses
      At line 81 in file template.s
      At line 262 in file template.s

EINT1_IRQHandler 000000A2

Symbol: EINT1_IRQHandler
   Definitions
      At line 299 in file template.s
   Uses
      At line 82 in file template.s
      At line 263 in file template.s

EINT2_IRQHandler 000000A2

Symbol: EINT2_IRQHandler
   Definitions
      At line 300 in file template.s
   Uses
      At line 83 in file template.s
      At line 264 in file template.s

EINT3_IRQHandler 000000A2

Symbol: EINT3_IRQHandler
   Definitions
      At line 301 in file template.s
   Uses
      At line 84 in file template.s
      At line 265 in file template.s

ENET_IRQHandler 000000A2

Symbol: ENET_IRQHandler



ARM Macro Assembler    Page 3 Alphabetic symbol ordering
Relocatable symbols

   Definitions
      At line 308 in file template.s
   Uses
      At line 91 in file template.s
      At line 272 in file template.s

End_MEMCPY 00000096

Symbol: End_MEMCPY
   Definitions
      At line 222 in file template.s
   Uses
      At line 215 in file template.s
Comment: End_MEMCPY used once
Handle_MEMCPY 0000007C

Symbol: Handle_MEMCPY
   Definitions
      At line 205 in file template.s
   Uses
      At line 176 in file template.s
Comment: Handle_MEMCPY used once
Handle_Reset 00000046

Symbol: Handle_Reset
   Definitions
      At line 182 in file template.s
   Uses
      At line 173 in file template.s
Comment: Handle_Reset used once
HardFault_Handler 0000001C

Symbol: HardFault_Handler
   Definitions
      At line 139 in file template.s
   Uses
      At line 48 in file template.s
      At line 140 in file template.s

I2C0_IRQHandler 000000A2

Symbol: I2C0_IRQHandler
   Definitions
      At line 290 in file template.s
   Uses
      At line 73 in file template.s
      At line 254 in file template.s

I2C1_IRQHandler 000000A2

Symbol: I2C1_IRQHandler
   Definitions
      At line 291 in file template.s
   Uses
      At line 74 in file template.s
      At line 255 in file template.s

I2C2_IRQHandler 000000A2




ARM Macro Assembler    Page 4 Alphabetic symbol ordering
Relocatable symbols

Symbol: I2C2_IRQHandler
   Definitions
      At line 292 in file template.s
   Uses
      At line 75 in file template.s
      At line 256 in file template.s

I2S_IRQHandler 000000A2

Symbol: I2S_IRQHandler
   Definitions
      At line 307 in file template.s
   Uses
      At line 90 in file template.s
      At line 271 in file template.s

InfLoop 00000018

Symbol: InfLoop
   Definitions
      At line 128 in file template.s
   Uses
      At line 128 in file template.s
Comment: InfLoop used once
MCPWM_IRQHandler 000000A2

Symbol: MCPWM_IRQHandler
   Definitions
      At line 310 in file template.s
   Uses
      At line 93 in file template.s
      At line 274 in file template.s

MEMCPY_Loop 00000086

Symbol: MEMCPY_Loop
   Definitions
      At line 213 in file template.s
   Uses
      At line 219 in file template.s
Comment: MEMCPY_Loop used once
MemManage_Handler 0000001E

Symbol: MemManage_Handler
   Definitions
      At line 144 in file template.s
   Uses
      At line 49 in file template.s
      At line 145 in file template.s

NMI_Handler 0000001A

Symbol: NMI_Handler
   Definitions
      At line 134 in file template.s
   Uses
      At line 47 in file template.s
      At line 135 in file template.s




ARM Macro Assembler    Page 5 Alphabetic symbol ordering
Relocatable symbols

PLL0_IRQHandler 000000A2

Symbol: PLL0_IRQHandler
   Definitions
      At line 296 in file template.s
   Uses
      At line 79 in file template.s
      At line 260 in file template.s

PLL1_IRQHandler 000000A2

Symbol: PLL1_IRQHandler
   Definitions
      At line 312 in file template.s
   Uses
      At line 95 in file template.s
      At line 276 in file template.s

PWM1_IRQHandler 000000A2

Symbol: PWM1_IRQHandler
   Definitions
      At line 289 in file template.s
   Uses
      At line 72 in file template.s
      At line 253 in file template.s

PendSV_Handler 0000009E

Symbol: PendSV_Handler
   Definitions
      At line 233 in file template.s
   Uses
      At line 59 in file template.s
      At line 234 in file template.s

QEI_IRQHandler 000000A2

Symbol: QEI_IRQHandler
   Definitions
      At line 311 in file template.s
   Uses
      At line 94 in file template.s
      At line 275 in file template.s

RIT_IRQHandler 000000A2

Symbol: RIT_IRQHandler
   Definitions
      At line 309 in file template.s
   Uses
      At line 92 in file template.s
      At line 273 in file template.s

RTC_IRQHandler 000000A2

Symbol: RTC_IRQHandler
   Definitions
      At line 297 in file template.s



ARM Macro Assembler    Page 6 Alphabetic symbol ordering
Relocatable symbols

   Uses
      At line 80 in file template.s
      At line 261 in file template.s

Reset_Handler 00000000

Symbol: Reset_Handler
   Definitions
      At line 111 in file template.s
   Uses
      At line 46 in file template.s
      At line 112 in file template.s

SPI_IRQHandler 000000A2

Symbol: SPI_IRQHandler
   Definitions
      At line 293 in file template.s
   Uses
      At line 76 in file template.s
      At line 257 in file template.s

SSP0_IRQHandler 000000A2

Symbol: SSP0_IRQHandler
   Definitions
      At line 294 in file template.s
   Uses
      At line 77 in file template.s
      At line 258 in file template.s

SSP1_IRQHandler 000000A2

Symbol: SSP1_IRQHandler
   Definitions
      At line 295 in file template.s
   Uses
      At line 78 in file template.s
      At line 259 in file template.s

SVC_Handler 00000024

Symbol: SVC_Handler
   Definitions
      At line 158 in file template.s
   Uses
      At line 56 in file template.s
      At line 159 in file template.s

SysTick_Handler 000000A0

Symbol: SysTick_Handler
   Definitions
      At line 237 in file template.s
   Uses
      At line 60 in file template.s
      At line 238 in file template.s

TIMER0_IRQHandler 000000A2



ARM Macro Assembler    Page 7 Alphabetic symbol ordering
Relocatable symbols


Symbol: TIMER0_IRQHandler
   Definitions
      At line 281 in file template.s
   Uses
      At line 64 in file template.s
      At line 245 in file template.s

TIMER1_IRQHandler 000000A2

Symbol: TIMER1_IRQHandler
   Definitions
      At line 282 in file template.s
   Uses
      At line 65 in file template.s
      At line 246 in file template.s

TIMER2_IRQHandler 000000A2

Symbol: TIMER2_IRQHandler
   Definitions
      At line 283 in file template.s
   Uses
      At line 66 in file template.s
      At line 247 in file template.s

TIMER3_IRQHandler 000000A2

Symbol: TIMER3_IRQHandler
   Definitions
      At line 284 in file template.s
   Uses
      At line 67 in file template.s
      At line 248 in file template.s

UART0_IRQHandler 000000A2

Symbol: UART0_IRQHandler
   Definitions
      At line 285 in file template.s
   Uses
      At line 68 in file template.s
      At line 249 in file template.s

UART1_IRQHandler 000000A2

Symbol: UART1_IRQHandler
   Definitions
      At line 286 in file template.s
   Uses
      At line 69 in file template.s
      At line 250 in file template.s

UART2_IRQHandler 000000A2

Symbol: UART2_IRQHandler
   Definitions
      At line 287 in file template.s
   Uses



ARM Macro Assembler    Page 8 Alphabetic symbol ordering
Relocatable symbols

      At line 70 in file template.s
      At line 251 in file template.s

UART3_IRQHandler 000000A2

Symbol: UART3_IRQHandler
   Definitions
      At line 288 in file template.s
   Uses
      At line 71 in file template.s
      At line 252 in file template.s

USBActivity_IRQHandler 000000A2

Symbol: USBActivity_IRQHandler
   Definitions
      At line 313 in file template.s
   Uses
      At line 96 in file template.s
      At line 277 in file template.s

USB_IRQHandler 000000A2

Symbol: USB_IRQHandler
   Definitions
      At line 304 in file template.s
   Uses
      At line 87 in file template.s
      At line 268 in file template.s

UsageFault_Handler 00000022

Symbol: UsageFault_Handler
   Definitions
      At line 154 in file template.s
   Uses
      At line 51 in file template.s
      At line 155 in file template.s

WDT_IRQHandler 000000A2

Symbol: WDT_IRQHandler
   Definitions
      At line 280 in file template.s
   Uses
      At line 63 in file template.s
      At line 244 in file template.s

uscita 00000096

Symbol: uscita
   Definitions
      At line 224 in file template.s
   Uses
      At line 180 in file template.s
      At line 203 in file template.s

53 symbols



ARM Macro Assembler    Page 1 Alphabetic symbol ordering
Absolute symbols

Heap_Size 00000200

Symbol: Heap_Size
   Definitions
      At line 28 in file template.s
   Uses
      At line 32 in file template.s
Comment: Heap_Size used once
Stack_Size 00000200

Symbol: Stack_Size
   Definitions
      At line 14 in file template.s
   Uses
      At line 17 in file template.s
      At line 18 in file template.s

2 symbols
404 symbols in table
